{"uid":"6a2d0fffd7580e8d","name":"test_TemporaryWorkerCheckExportButtonDownloadsCSVFile","fullName":"Tests.test_temprory_worker#test_TemporaryWorkerCheckExportButtonDownloadsCSVFile","historyId":"216f96024b7a8cb342487d3b014d277a","time":{"start":1681987639757,"stop":1681987659326,"duration":19569},"status":"failed","statusMessage":"AssertionError","statusTrace":"driver = <selenium.webdriver.chrome.webdriver.WebDriver (session=\"79e4603defa67b1be40ebfffea4534dd\")>\n\n    @allure.feature(\"Temporary Worker Feature\")\n    @allure.story(\"Check If Export Button actually downloads the file and its in csv format\")\n    @allure.severity(allure.severity_level.NORMAL)\n    @pytest.mark.regression\n    @pytest.mark.sanity\n    # @pytest.mark.smoke\n    @pytest.mark.order(3)\n    def test_TemporaryWorkerCheckExportButtonDownloadsCSVFile(driver):\n        VisitTemporaryWorkerPageWithLogin(driver)\n>       fileName = downloadAndVerifyCSVExportedFile(driver)\n\nTests/test_temprory_worker.py:361: \n_ _ _ _ _ _ _ _ _ _ _ _ _ _ _ _ _ _ _ _ _ _ _ _ _ _ _ _ _ _ _ _ _ _ _ _ _ _ _ _ \nTests/test_temprory_worker.py:53: in downloadAndVerifyCSVExportedFile\n    verifyFileDownloadedCorrectly(FilePath=fileName)\n_ _ _ _ _ _ _ _ _ _ _ _ _ _ _ _ _ _ _ _ _ _ _ _ _ _ _ _ _ _ _ _ _ _ _ _ _ _ _ _ \n\nFilePath = '/home/runner/work/Veritec_WebAutomationTesting/Veritec_WebAutomationTesting/Downloads/Veritec-temporary-workers@20-Apr-2023.csv'\n\n    def verifyFileDownloadedCorrectly(FilePath):\n>       assert os.path.exists(FilePath)\nE       AssertionError\n\nbase_helpers.py:240: AssertionError","flaky":false,"newFailed":false,"newBroken":false,"newPassed":false,"retriesCount":0,"retriesStatusChange":false,"beforeStages":[{"name":"driver","time":{"start":1681987638884,"stop":1681987639756,"duration":872},"status":"passed","steps":[],"attachments":[],"parameters":[],"stepsCount":0,"attachmentsCount":0,"shouldDisplayMessage":false,"hasContent":false}],"testStage":{"status":"failed","statusMessage":"AssertionError","statusTrace":"driver = <selenium.webdriver.chrome.webdriver.WebDriver (session=\"79e4603defa67b1be40ebfffea4534dd\")>\n\n    @allure.feature(\"Temporary Worker Feature\")\n    @allure.story(\"Check If Export Button actually downloads the file and its in csv format\")\n    @allure.severity(allure.severity_level.NORMAL)\n    @pytest.mark.regression\n    @pytest.mark.sanity\n    # @pytest.mark.smoke\n    @pytest.mark.order(3)\n    def test_TemporaryWorkerCheckExportButtonDownloadsCSVFile(driver):\n        VisitTemporaryWorkerPageWithLogin(driver)\n>       fileName = downloadAndVerifyCSVExportedFile(driver)\n\nTests/test_temprory_worker.py:361: \n_ _ _ _ _ _ _ _ _ _ _ _ _ _ _ _ _ _ _ _ _ _ _ _ _ _ _ _ _ _ _ _ _ _ _ _ _ _ _ _ \nTests/test_temprory_worker.py:53: in downloadAndVerifyCSVExportedFile\n    verifyFileDownloadedCorrectly(FilePath=fileName)\n_ _ _ _ _ _ _ _ _ _ _ _ _ _ _ _ _ _ _ _ _ _ _ _ _ _ _ _ _ _ _ _ _ _ _ _ _ _ _ _ \n\nFilePath = '/home/runner/work/Veritec_WebAutomationTesting/Veritec_WebAutomationTesting/Downloads/Veritec-temporary-workers@20-Apr-2023.csv'\n\n    def verifyFileDownloadedCorrectly(FilePath):\n>       assert os.path.exists(FilePath)\nE       AssertionError\n\nbase_helpers.py:240: AssertionError","steps":[{"name":"Given Go to the \"Base\" url","time":{"start":1681987639757,"stop":1681987640210,"duration":453},"status":"passed","steps":[],"attachments":[],"parameters":[],"stepsCount":0,"attachmentsCount":0,"shouldDisplayMessage":false,"hasContent":false},{"name":"Then Verify user is on Login screen","time":{"start":1681987640210,"stop":1681987640279,"duration":69},"status":"passed","steps":[],"attachments":[],"parameters":[],"stepsCount":0,"attachmentsCount":0,"shouldDisplayMessage":false,"hasContent":false},{"name":"When User fills \"Valid\" form data on \"login\" screen","time":{"start":1681987640279,"stop":1681987640736,"duration":457},"status":"passed","steps":[],"attachments":[],"parameters":[],"stepsCount":0,"attachmentsCount":0,"shouldDisplayMessage":false,"hasContent":false},{"name":"Then Verify user is on \"HomePage\" screen","time":{"start":1681987640736,"stop":1681987641171,"duration":435},"status":"passed","steps":[],"attachments":[],"parameters":[],"stepsCount":0,"attachmentsCount":0,"shouldDisplayMessage":false,"hasContent":false},{"name":"Then User clicks \"Temporary Worker\" button on \"Homepage\" screen","time":{"start":1681987641328,"stop":1681987641492,"duration":164},"status":"passed","steps":[],"attachments":[],"parameters":[],"stepsCount":0,"attachmentsCount":0,"shouldDisplayMessage":false,"hasContent":false},{"name":"And Check if CSV file downloaded correctly","time":{"start":1681987641492,"stop":1681987659325,"duration":17833},"status":"failed","statusMessage":"AssertionError\n","statusTrace":"  File \"/home/runner/work/Veritec_WebAutomationTesting/Veritec_WebAutomationTesting/Tests/test_temprory_worker.py\", line 53, in downloadAndVerifyCSVExportedFile\n    verifyFileDownloadedCorrectly(FilePath=fileName)\n  File \"/home/runner/work/Veritec_WebAutomationTesting/Veritec_WebAutomationTesting/base_helpers.py\", line 240, in verifyFileDownloadedCorrectly\n    assert os.path.exists(FilePath)\n","steps":[],"attachments":[],"parameters":[],"stepsCount":0,"attachmentsCount":0,"shouldDisplayMessage":true,"hasContent":true}],"attachments":[{"uid":"3338bcd59dd4cac3","name":"screenshot","source":"3338bcd59dd4cac3.png","type":"image/png","size":187899}],"parameters":[],"stepsCount":6,"attachmentsCount":1,"shouldDisplayMessage":true,"hasContent":true},"afterStages":[{"name":"driver::0","time":{"start":1681987659511,"stop":1681987659602,"duration":91},"status":"passed","steps":[],"attachments":[],"parameters":[],"stepsCount":0,"attachmentsCount":0,"shouldDisplayMessage":false,"hasContent":false}],"labels":[{"name":"story","value":"Check If Export Button actually downloads the file and its in csv format"},{"name":"feature","value":"Temporary Worker Feature"},{"name":"severity","value":"normal"},{"name":"tag","value":"order(3)"},{"name":"tag","value":"sanity"},{"name":"tag","value":"regression"},{"name":"parentSuite","value":"Tests"},{"name":"suite","value":"test_temprory_worker"},{"name":"host","value":"fv-az403-53"},{"name":"thread","value":"2289-MainThread"},{"name":"framework","value":"pytest"},{"name":"language","value":"cpython3"},{"name":"package","value":"Tests.test_temprory_worker"},{"name":"resultFormat","value":"allure2"}],"parameters":[],"links":[],"hidden":true,"retry":true,"extra":{"categories":[],"tags":["order(3)","regression","sanity"]},"source":"6a2d0fffd7580e8d.json","parameterValues":[]}