{"uid":"7981f1c9d99ff2c3","name":"test_TemporaryWorkerAdd","fullName":"Tests.test_temprory_worker#test_TemporaryWorkerAdd","historyId":"58429ae5f9e707f85b850ae2181b686f","time":{"start":1681987879076,"stop":1681987894460,"duration":15384},"status":"broken","statusMessage":"selenium.common.exceptions.StaleElementReferenceException: Message: stale element reference: element is not attached to the page document\n  (Session info: chrome=112.0.5615.121)\nStacktrace:\n#0 0x5608b5002fe3 <unknown>\n#1 0x5608b4d41d36 <unknown>\n#2 0x5608b4d45283 <unknown>\n#3 0x5608b4d44ff2 <unknown>\n#4 0x5608b4d4530c <unknown>\n#5 0x5608b4d78c9e <unknown>\n#6 0x5608b4d9f8c2 <unknown>\n#7 0x5608b4d73943 <unknown>\n#8 0x5608b4d9fa8e <unknown>\n#9 0x5608b4db8232 <unknown>\n#10 0x5608b4d9f693 <unknown>\n#11 0x5608b4d7203a <unknown>\n#12 0x5608b4d7317e <unknown>\n#13 0x5608b4fc4dbd <unknown>\n#14 0x5608b4fc8c6c <unknown>\n#15 0x5608b4fd24b0 <unknown>\n#16 0x5608b4fc9d63 <unknown>\n#17 0x5608b4f9cc35 <unknown>\n#18 0x5608b4fed138 <unknown>\n#19 0x5608b4fed2c7 <unknown>\n#20 0x5608b4ffb093 <unknown>\n#21 0x7fa4c9e53b43 <unknown>","statusTrace":"driver = <selenium.webdriver.chrome.webdriver.WebDriver (session=\"85afc1ecd044915a7330bd3ecccb99fc\")>\n\n    @allure.feature(\"Temporary Worker Feature\")\n    @allure.story(\"Add new temporary worker\")\n    @allure.severity(allure.severity_level.NORMAL)\n    @pytest.mark.regression\n    @pytest.mark.sanity\n    @flaky\n    def test_TemporaryWorkerAdd(driver):\n        global Email\n        VisitTemporary_WorkerPageWithSteps(driver)\n        populate_Bike()\n        populate_Car()\n        with allure.step('Then User fills \"All\" form data on \"Temporary Worker\" screen'):\n            fillUserPersonalData(driver)\n            fillEmployeeStatus(driver)\n            fillClientAndProjectInfo(driver)\n            fillResidenceInfo(driver)\n>           fillTransportInfo(driver)\n\nTests/test_temprory_worker.py:253: \n_ _ _ _ _ _ _ _ _ _ _ _ _ _ _ _ _ _ _ _ _ _ _ _ _ _ _ _ _ _ _ _ _ _ _ _ _ _ _ _ \nTests/test_temprory_worker.py:172: in fillTransportInfo\n    TW.BikeNameOrLicencePlate = find_Elements_byXpathAndWait_getText(BikeNameList_xpath, driver)[0]\nbase_helpers.py:106: in find_Elements_byXpathAndWait_getText\n    return list((i.text for i in find_Elements_byXpathAndWait(xpath, driver)))\nbase_helpers.py:106: in <genexpr>\n    return list((i.text for i in find_Elements_byXpathAndWait(xpath, driver)))\n/opt/hostedtoolcache/Python/3.11.3/x64/lib/python3.11/site-packages/selenium/webdriver/remote/webelement.py:90: in text\n    return self._execute(Command.GET_ELEMENT_TEXT)[\"value\"]\n/opt/hostedtoolcache/Python/3.11.3/x64/lib/python3.11/site-packages/selenium/webdriver/remote/webelement.py:404: in _execute\n    return self._parent.execute(command, params)\n/opt/hostedtoolcache/Python/3.11.3/x64/lib/python3.11/site-packages/selenium/webdriver/remote/webdriver.py:440: in execute\n    self.error_handler.check_response(response)\n_ _ _ _ _ _ _ _ _ _ _ _ _ _ _ _ _ _ _ _ _ _ _ _ _ _ _ _ _ _ _ _ _ _ _ _ _ _ _ _ \n\nself = <selenium.webdriver.remote.errorhandler.ErrorHandler object at 0x7f22747fe350>\nresponse = {'status': 404, 'value': '{\"value\":{\"error\":\"stale element reference\",\"message\":\"stale element reference: element is n...\\\\n#19 0x5608b4fed2c7 \\\\u003Cunknown>\\\\n#20 0x5608b4ffb093 \\\\u003Cunknown>\\\\n#21 0x7fa4c9e53b43 \\\\u003Cunknown>\\\\n\"}}'}\n\n    def check_response(self, response: Dict[str, Any]) -> None:\n        \"\"\"Checks that a JSON response from the WebDriver does not have an\n        error.\n    \n        :Args:\n         - response - The JSON response from the WebDriver server as a dictionary\n           object.\n    \n        :Raises: If the response contains an error message.\n        \"\"\"\n        status = response.get(\"status\", None)\n        if not status or status == ErrorCode.SUCCESS:\n            return\n        value = None\n        message = response.get(\"message\", \"\")\n        screen: str = response.get(\"screen\", \"\")\n        stacktrace = None\n        if isinstance(status, int):\n            value_json = response.get(\"value\", None)\n            if value_json and isinstance(value_json, str):\n                import json\n    \n                try:\n                    value = json.loads(value_json)\n                    if len(value) == 1:\n                        value = value[\"value\"]\n                    status = value.get(\"error\", None)\n                    if not status:\n                        status = value.get(\"status\", ErrorCode.UNKNOWN_ERROR)\n                        message = value.get(\"value\") or value.get(\"message\")\n                        if not isinstance(message, str):\n                            value = message\n                            message = message.get(\"message\")\n                    else:\n                        message = value.get(\"message\", None)\n                except ValueError:\n                    pass\n    \n        exception_class: Type[WebDriverException]\n        if status in ErrorCode.NO_SUCH_ELEMENT:\n            exception_class = NoSuchElementException\n        elif status in ErrorCode.NO_SUCH_FRAME:\n            exception_class = NoSuchFrameException\n        elif status in ErrorCode.NO_SUCH_SHADOW_ROOT:\n            exception_class = NoSuchShadowRootException\n        elif status in ErrorCode.NO_SUCH_WINDOW:\n            exception_class = NoSuchWindowException\n        elif status in ErrorCode.STALE_ELEMENT_REFERENCE:\n            exception_class = StaleElementReferenceException\n        elif status in ErrorCode.ELEMENT_NOT_VISIBLE:\n            exception_class = ElementNotVisibleException\n        elif status in ErrorCode.INVALID_ELEMENT_STATE:\n            exception_class = InvalidElementStateException\n        elif (\n            status in ErrorCode.INVALID_SELECTOR\n            or status in ErrorCode.INVALID_XPATH_SELECTOR\n            or status in ErrorCode.INVALID_XPATH_SELECTOR_RETURN_TYPER\n        ):\n            exception_class = InvalidSelectorException\n        elif status in ErrorCode.ELEMENT_IS_NOT_SELECTABLE:\n            exception_class = ElementNotSelectableException\n        elif status in ErrorCode.ELEMENT_NOT_INTERACTABLE:\n            exception_class = ElementNotInteractableException\n        elif status in ErrorCode.INVALID_COOKIE_DOMAIN:\n            exception_class = InvalidCookieDomainException\n        elif status in ErrorCode.UNABLE_TO_SET_COOKIE:\n            exception_class = UnableToSetCookieException\n        elif status in ErrorCode.TIMEOUT:\n            exception_class = TimeoutException\n        elif status in ErrorCode.SCRIPT_TIMEOUT:\n            exception_class = TimeoutException\n        elif status in ErrorCode.UNKNOWN_ERROR:\n            exception_class = WebDriverException\n        elif status in ErrorCode.UNEXPECTED_ALERT_OPEN:\n            exception_class = UnexpectedAlertPresentException\n        elif status in ErrorCode.NO_ALERT_OPEN:\n            exception_class = NoAlertPresentException\n        elif status in ErrorCode.IME_NOT_AVAILABLE:\n            exception_class = ImeNotAvailableException\n        elif status in ErrorCode.IME_ENGINE_ACTIVATION_FAILED:\n            exception_class = ImeActivationFailedException\n        elif status in ErrorCode.MOVE_TARGET_OUT_OF_BOUNDS:\n            exception_class = MoveTargetOutOfBoundsException\n        elif status in ErrorCode.JAVASCRIPT_ERROR:\n            exception_class = JavascriptException\n        elif status in ErrorCode.SESSION_NOT_CREATED:\n            exception_class = SessionNotCreatedException\n        elif status in ErrorCode.INVALID_ARGUMENT:\n            exception_class = InvalidArgumentException\n        elif status in ErrorCode.NO_SUCH_COOKIE:\n            exception_class = NoSuchCookieException\n        elif status in ErrorCode.UNABLE_TO_CAPTURE_SCREEN:\n            exception_class = ScreenshotException\n        elif status in ErrorCode.ELEMENT_CLICK_INTERCEPTED:\n            exception_class = ElementClickInterceptedException\n        elif status in ErrorCode.INSECURE_CERTIFICATE:\n            exception_class = InsecureCertificateException\n        elif status in ErrorCode.INVALID_COORDINATES:\n            exception_class = InvalidCoordinatesException\n        elif status in ErrorCode.INVALID_SESSION_ID:\n            exception_class = InvalidSessionIdException\n        elif status in ErrorCode.UNKNOWN_METHOD:\n            exception_class = UnknownMethodException\n        else:\n            exception_class = WebDriverException\n        if not value:\n            value = response[\"value\"]\n        if isinstance(value, str):\n            raise exception_class(value)\n        if message == \"\" and \"message\" in value:\n            message = value[\"message\"]\n    \n        screen = None  # type: ignore[assignment]\n        if \"screen\" in value:\n            screen = value[\"screen\"]\n    \n        stacktrace = None\n        st_value = value.get(\"stackTrace\") or value.get(\"stacktrace\")\n        if st_value:\n            if isinstance(st_value, str):\n                stacktrace = st_value.split(\"\\n\")\n            else:\n                stacktrace = []\n                try:\n                    for frame in st_value:\n                        line = frame.get(\"lineNumber\", \"\")\n                        file = frame.get(\"fileName\", \"<anonymous>\")\n                        if line:\n                            file = f\"{file}:{line}\"\n                        meth = frame.get(\"methodName\", \"<anonymous>\")\n                        if \"className\" in frame:\n                            meth = f\"{frame['className']}.{meth}\"\n                        msg = \"    at %s (%s)\"\n                        msg = msg % (meth, file)\n                        stacktrace.append(msg)\n                except TypeError:\n                    pass\n        if exception_class == UnexpectedAlertPresentException:\n            alert_text = None\n            if \"data\" in value:\n                alert_text = value[\"data\"].get(\"text\")\n            elif \"alert\" in value:\n                alert_text = value[\"alert\"].get(\"text\")\n            raise exception_class(message, screen, stacktrace, alert_text)  # type: ignore[call-arg]  # mypy is not smart enough here\n>       raise exception_class(message, screen, stacktrace)\nE       selenium.common.exceptions.StaleElementReferenceException: Message: stale element reference: element is not attached to the page document\nE         (Session info: chrome=112.0.5615.121)\nE       Stacktrace:\nE       #0 0x5608b5002fe3 <unknown>\nE       #1 0x5608b4d41d36 <unknown>\nE       #2 0x5608b4d45283 <unknown>\nE       #3 0x5608b4d44ff2 <unknown>\nE       #4 0x5608b4d4530c <unknown>\nE       #5 0x5608b4d78c9e <unknown>\nE       #6 0x5608b4d9f8c2 <unknown>\nE       #7 0x5608b4d73943 <unknown>\nE       #8 0x5608b4d9fa8e <unknown>\nE       #9 0x5608b4db8232 <unknown>\nE       #10 0x5608b4d9f693 <unknown>\nE       #11 0x5608b4d7203a <unknown>\nE       #12 0x5608b4d7317e <unknown>\nE       #13 0x5608b4fc4dbd <unknown>\nE       #14 0x5608b4fc8c6c <unknown>\nE       #15 0x5608b4fd24b0 <unknown>\nE       #16 0x5608b4fc9d63 <unknown>\nE       #17 0x5608b4f9cc35 <unknown>\nE       #18 0x5608b4fed138 <unknown>\nE       #19 0x5608b4fed2c7 <unknown>\nE       #20 0x5608b4ffb093 <unknown>\nE       #21 0x7fa4c9e53b43 <unknown>\n\n/opt/hostedtoolcache/Python/3.11.3/x64/lib/python3.11/site-packages/selenium/webdriver/remote/errorhandler.py:245: StaleElementReferenceException","flaky":false,"newFailed":false,"newBroken":false,"newPassed":false,"retriesCount":2,"retriesStatusChange":false,"beforeStages":[{"name":"driver","time":{"start":1681987878223,"stop":1681987879076,"duration":853},"status":"passed","steps":[],"attachments":[],"parameters":[],"stepsCount":0,"attachmentsCount":0,"shouldDisplayMessage":false,"hasContent":false}],"testStage":{"status":"broken","statusMessage":"selenium.common.exceptions.StaleElementReferenceException: Message: stale element reference: element is not attached to the page document\n  (Session info: chrome=112.0.5615.121)\nStacktrace:\n#0 0x5608b5002fe3 <unknown>\n#1 0x5608b4d41d36 <unknown>\n#2 0x5608b4d45283 <unknown>\n#3 0x5608b4d44ff2 <unknown>\n#4 0x5608b4d4530c <unknown>\n#5 0x5608b4d78c9e <unknown>\n#6 0x5608b4d9f8c2 <unknown>\n#7 0x5608b4d73943 <unknown>\n#8 0x5608b4d9fa8e <unknown>\n#9 0x5608b4db8232 <unknown>\n#10 0x5608b4d9f693 <unknown>\n#11 0x5608b4d7203a <unknown>\n#12 0x5608b4d7317e <unknown>\n#13 0x5608b4fc4dbd <unknown>\n#14 0x5608b4fc8c6c <unknown>\n#15 0x5608b4fd24b0 <unknown>\n#16 0x5608b4fc9d63 <unknown>\n#17 0x5608b4f9cc35 <unknown>\n#18 0x5608b4fed138 <unknown>\n#19 0x5608b4fed2c7 <unknown>\n#20 0x5608b4ffb093 <unknown>\n#21 0x7fa4c9e53b43 <unknown>","statusTrace":"driver = <selenium.webdriver.chrome.webdriver.WebDriver (session=\"85afc1ecd044915a7330bd3ecccb99fc\")>\n\n    @allure.feature(\"Temporary Worker Feature\")\n    @allure.story(\"Add new temporary worker\")\n    @allure.severity(allure.severity_level.NORMAL)\n    @pytest.mark.regression\n    @pytest.mark.sanity\n    @flaky\n    def test_TemporaryWorkerAdd(driver):\n        global Email\n        VisitTemporary_WorkerPageWithSteps(driver)\n        populate_Bike()\n        populate_Car()\n        with allure.step('Then User fills \"All\" form data on \"Temporary Worker\" screen'):\n            fillUserPersonalData(driver)\n            fillEmployeeStatus(driver)\n            fillClientAndProjectInfo(driver)\n            fillResidenceInfo(driver)\n>           fillTransportInfo(driver)\n\nTests/test_temprory_worker.py:253: \n_ _ _ _ _ _ _ _ _ _ _ _ _ _ _ _ _ _ _ _ _ _ _ _ _ _ _ _ _ _ _ _ _ _ _ _ _ _ _ _ \nTests/test_temprory_worker.py:172: in fillTransportInfo\n    TW.BikeNameOrLicencePlate = find_Elements_byXpathAndWait_getText(BikeNameList_xpath, driver)[0]\nbase_helpers.py:106: in find_Elements_byXpathAndWait_getText\n    return list((i.text for i in find_Elements_byXpathAndWait(xpath, driver)))\nbase_helpers.py:106: in <genexpr>\n    return list((i.text for i in find_Elements_byXpathAndWait(xpath, driver)))\n/opt/hostedtoolcache/Python/3.11.3/x64/lib/python3.11/site-packages/selenium/webdriver/remote/webelement.py:90: in text\n    return self._execute(Command.GET_ELEMENT_TEXT)[\"value\"]\n/opt/hostedtoolcache/Python/3.11.3/x64/lib/python3.11/site-packages/selenium/webdriver/remote/webelement.py:404: in _execute\n    return self._parent.execute(command, params)\n/opt/hostedtoolcache/Python/3.11.3/x64/lib/python3.11/site-packages/selenium/webdriver/remote/webdriver.py:440: in execute\n    self.error_handler.check_response(response)\n_ _ _ _ _ _ _ _ _ _ _ _ _ _ _ _ _ _ _ _ _ _ _ _ _ _ _ _ _ _ _ _ _ _ _ _ _ _ _ _ \n\nself = <selenium.webdriver.remote.errorhandler.ErrorHandler object at 0x7f22747fe350>\nresponse = {'status': 404, 'value': '{\"value\":{\"error\":\"stale element reference\",\"message\":\"stale element reference: element is n...\\\\n#19 0x5608b4fed2c7 \\\\u003Cunknown>\\\\n#20 0x5608b4ffb093 \\\\u003Cunknown>\\\\n#21 0x7fa4c9e53b43 \\\\u003Cunknown>\\\\n\"}}'}\n\n    def check_response(self, response: Dict[str, Any]) -> None:\n        \"\"\"Checks that a JSON response from the WebDriver does not have an\n        error.\n    \n        :Args:\n         - response - The JSON response from the WebDriver server as a dictionary\n           object.\n    \n        :Raises: If the response contains an error message.\n        \"\"\"\n        status = response.get(\"status\", None)\n        if not status or status == ErrorCode.SUCCESS:\n            return\n        value = None\n        message = response.get(\"message\", \"\")\n        screen: str = response.get(\"screen\", \"\")\n        stacktrace = None\n        if isinstance(status, int):\n            value_json = response.get(\"value\", None)\n            if value_json and isinstance(value_json, str):\n                import json\n    \n                try:\n                    value = json.loads(value_json)\n                    if len(value) == 1:\n                        value = value[\"value\"]\n                    status = value.get(\"error\", None)\n                    if not status:\n                        status = value.get(\"status\", ErrorCode.UNKNOWN_ERROR)\n                        message = value.get(\"value\") or value.get(\"message\")\n                        if not isinstance(message, str):\n                            value = message\n                            message = message.get(\"message\")\n                    else:\n                        message = value.get(\"message\", None)\n                except ValueError:\n                    pass\n    \n        exception_class: Type[WebDriverException]\n        if status in ErrorCode.NO_SUCH_ELEMENT:\n            exception_class = NoSuchElementException\n        elif status in ErrorCode.NO_SUCH_FRAME:\n            exception_class = NoSuchFrameException\n        elif status in ErrorCode.NO_SUCH_SHADOW_ROOT:\n            exception_class = NoSuchShadowRootException\n        elif status in ErrorCode.NO_SUCH_WINDOW:\n            exception_class = NoSuchWindowException\n        elif status in ErrorCode.STALE_ELEMENT_REFERENCE:\n            exception_class = StaleElementReferenceException\n        elif status in ErrorCode.ELEMENT_NOT_VISIBLE:\n            exception_class = ElementNotVisibleException\n        elif status in ErrorCode.INVALID_ELEMENT_STATE:\n            exception_class = InvalidElementStateException\n        elif (\n            status in ErrorCode.INVALID_SELECTOR\n            or status in ErrorCode.INVALID_XPATH_SELECTOR\n            or status in ErrorCode.INVALID_XPATH_SELECTOR_RETURN_TYPER\n        ):\n            exception_class = InvalidSelectorException\n        elif status in ErrorCode.ELEMENT_IS_NOT_SELECTABLE:\n            exception_class = ElementNotSelectableException\n        elif status in ErrorCode.ELEMENT_NOT_INTERACTABLE:\n            exception_class = ElementNotInteractableException\n        elif status in ErrorCode.INVALID_COOKIE_DOMAIN:\n            exception_class = InvalidCookieDomainException\n        elif status in ErrorCode.UNABLE_TO_SET_COOKIE:\n            exception_class = UnableToSetCookieException\n        elif status in ErrorCode.TIMEOUT:\n            exception_class = TimeoutException\n        elif status in ErrorCode.SCRIPT_TIMEOUT:\n            exception_class = TimeoutException\n        elif status in ErrorCode.UNKNOWN_ERROR:\n            exception_class = WebDriverException\n        elif status in ErrorCode.UNEXPECTED_ALERT_OPEN:\n            exception_class = UnexpectedAlertPresentException\n        elif status in ErrorCode.NO_ALERT_OPEN:\n            exception_class = NoAlertPresentException\n        elif status in ErrorCode.IME_NOT_AVAILABLE:\n            exception_class = ImeNotAvailableException\n        elif status in ErrorCode.IME_ENGINE_ACTIVATION_FAILED:\n            exception_class = ImeActivationFailedException\n        elif status in ErrorCode.MOVE_TARGET_OUT_OF_BOUNDS:\n            exception_class = MoveTargetOutOfBoundsException\n        elif status in ErrorCode.JAVASCRIPT_ERROR:\n            exception_class = JavascriptException\n        elif status in ErrorCode.SESSION_NOT_CREATED:\n            exception_class = SessionNotCreatedException\n        elif status in ErrorCode.INVALID_ARGUMENT:\n            exception_class = InvalidArgumentException\n        elif status in ErrorCode.NO_SUCH_COOKIE:\n            exception_class = NoSuchCookieException\n        elif status in ErrorCode.UNABLE_TO_CAPTURE_SCREEN:\n            exception_class = ScreenshotException\n        elif status in ErrorCode.ELEMENT_CLICK_INTERCEPTED:\n            exception_class = ElementClickInterceptedException\n        elif status in ErrorCode.INSECURE_CERTIFICATE:\n            exception_class = InsecureCertificateException\n        elif status in ErrorCode.INVALID_COORDINATES:\n            exception_class = InvalidCoordinatesException\n        elif status in ErrorCode.INVALID_SESSION_ID:\n            exception_class = InvalidSessionIdException\n        elif status in ErrorCode.UNKNOWN_METHOD:\n            exception_class = UnknownMethodException\n        else:\n            exception_class = WebDriverException\n        if not value:\n            value = response[\"value\"]\n        if isinstance(value, str):\n            raise exception_class(value)\n        if message == \"\" and \"message\" in value:\n            message = value[\"message\"]\n    \n        screen = None  # type: ignore[assignment]\n        if \"screen\" in value:\n            screen = value[\"screen\"]\n    \n        stacktrace = None\n        st_value = value.get(\"stackTrace\") or value.get(\"stacktrace\")\n        if st_value:\n            if isinstance(st_value, str):\n                stacktrace = st_value.split(\"\\n\")\n            else:\n                stacktrace = []\n                try:\n                    for frame in st_value:\n                        line = frame.get(\"lineNumber\", \"\")\n                        file = frame.get(\"fileName\", \"<anonymous>\")\n                        if line:\n                            file = f\"{file}:{line}\"\n                        meth = frame.get(\"methodName\", \"<anonymous>\")\n                        if \"className\" in frame:\n                            meth = f\"{frame['className']}.{meth}\"\n                        msg = \"    at %s (%s)\"\n                        msg = msg % (meth, file)\n                        stacktrace.append(msg)\n                except TypeError:\n                    pass\n        if exception_class == UnexpectedAlertPresentException:\n            alert_text = None\n            if \"data\" in value:\n                alert_text = value[\"data\"].get(\"text\")\n            elif \"alert\" in value:\n                alert_text = value[\"alert\"].get(\"text\")\n            raise exception_class(message, screen, stacktrace, alert_text)  # type: ignore[call-arg]  # mypy is not smart enough here\n>       raise exception_class(message, screen, stacktrace)\nE       selenium.common.exceptions.StaleElementReferenceException: Message: stale element reference: element is not attached to the page document\nE         (Session info: chrome=112.0.5615.121)\nE       Stacktrace:\nE       #0 0x5608b5002fe3 <unknown>\nE       #1 0x5608b4d41d36 <unknown>\nE       #2 0x5608b4d45283 <unknown>\nE       #3 0x5608b4d44ff2 <unknown>\nE       #4 0x5608b4d4530c <unknown>\nE       #5 0x5608b4d78c9e <unknown>\nE       #6 0x5608b4d9f8c2 <unknown>\nE       #7 0x5608b4d73943 <unknown>\nE       #8 0x5608b4d9fa8e <unknown>\nE       #9 0x5608b4db8232 <unknown>\nE       #10 0x5608b4d9f693 <unknown>\nE       #11 0x5608b4d7203a <unknown>\nE       #12 0x5608b4d7317e <unknown>\nE       #13 0x5608b4fc4dbd <unknown>\nE       #14 0x5608b4fc8c6c <unknown>\nE       #15 0x5608b4fd24b0 <unknown>\nE       #16 0x5608b4fc9d63 <unknown>\nE       #17 0x5608b4f9cc35 <unknown>\nE       #18 0x5608b4fed138 <unknown>\nE       #19 0x5608b4fed2c7 <unknown>\nE       #20 0x5608b4ffb093 <unknown>\nE       #21 0x7fa4c9e53b43 <unknown>\n\n/opt/hostedtoolcache/Python/3.11.3/x64/lib/python3.11/site-packages/selenium/webdriver/remote/errorhandler.py:245: StaleElementReferenceException","steps":[{"name":"Given Go to the \"Base\" url","time":{"start":1681987879076,"stop":1681987879521,"duration":445},"status":"passed","steps":[],"attachments":[],"parameters":[],"stepsCount":0,"attachmentsCount":0,"shouldDisplayMessage":false,"hasContent":false},{"name":"Then Verify user is on Login screen","time":{"start":1681987879521,"stop":1681987879570,"duration":49},"status":"passed","steps":[],"attachments":[],"parameters":[],"stepsCount":0,"attachmentsCount":0,"shouldDisplayMessage":false,"hasContent":false},{"name":"When User fills \"Valid\" form data on \"login\" screen","time":{"start":1681987879570,"stop":1681987880012,"duration":442},"status":"passed","steps":[],"attachments":[],"parameters":[],"stepsCount":0,"attachmentsCount":0,"shouldDisplayMessage":false,"hasContent":false},{"name":"Then Verify user is on \"HomePage\" screen","time":{"start":1681987880012,"stop":1681987880449,"duration":437},"status":"passed","steps":[],"attachments":[],"parameters":[],"stepsCount":0,"attachmentsCount":0,"shouldDisplayMessage":false,"hasContent":false},{"name":"Then User clicks \"Temporary Worker\" button on \"Homepage\" screen","time":{"start":1681987880449,"stop":1681987880536,"duration":87},"status":"passed","steps":[],"attachments":[],"parameters":[],"stepsCount":0,"attachmentsCount":0,"shouldDisplayMessage":false,"hasContent":false},{"name":"Then Scroll \"Down\" into view \"Add New Temporary Worker\" Section","time":{"start":1681987880536,"stop":1681987880608,"duration":72},"status":"passed","steps":[],"attachments":[],"parameters":[],"stepsCount":0,"attachmentsCount":0,"shouldDisplayMessage":false,"hasContent":false},{"name":"Then User clicks \"Add Temporary Worker\" button on \"Temporary Worker\" screen","time":{"start":1681987880608,"stop":1681987880782,"duration":174},"status":"passed","steps":[],"attachments":[],"parameters":[],"stepsCount":0,"attachmentsCount":0,"shouldDisplayMessage":false,"hasContent":false},{"name":"Then Verify user is on \"Add Temporary Worker\" screen","time":{"start":1681987880782,"stop":1681987880797,"duration":15},"status":"passed","steps":[],"attachments":[],"parameters":[],"stepsCount":0,"attachmentsCount":0,"shouldDisplayMessage":false,"hasContent":false},{"name":"Then User fills \"All\" form data on \"Temporary Worker\" screen","time":{"start":1681987883472,"stop":1681987894460,"duration":10988},"status":"broken","statusMessage":"selenium.common.exceptions.StaleElementReferenceException: Message: stale element reference: element is not attached to the page document\n  (Session info: chrome=112.0.5615.121)\nStacktrace:\n#0 0x5608b5002fe3 <unknown>\n#1 0x5608b4d41d36 <unknown>\n#2 0x5608b4d45283 <unknown>\n#3 0x5608b4d44ff2 <unknown>\n#4 0x5608b4d4530c <unknown>\n#5 0x5608b4d78c9e <unknown>\n#6 0x5608b4d9f8c2 <unknown>\n#7 0x5608b4d73943 <unknown>\n#8 0x5608b4d9fa8e <unknown>\n#9 0x5608b4db8232 <unknown>\n#10 0x5608b4d9f693 <unknown>\n#11 0x5608b4d7203a <unknown>\n#12 0x5608b4d7317e <unknown>\n#13 0x5608b4fc4dbd <unknown>\n#14 0x5608b4fc8c6c <unknown>\n#15 0x5608b4fd24b0 <unknown>\n#16 0x5608b4fc9d63 <unknown>\n#17 0x5608b4f9cc35 <unknown>\n#18 0x5608b4fed138 <unknown>\n#19 0x5608b4fed2c7 <unknown>\n#20 0x5608b4ffb093 <unknown>\n#21 0x7fa4c9e53b43 <unknown>\n\n","statusTrace":"  File \"/home/runner/work/Veritec_WebAutomationTesting/Veritec_WebAutomationTesting/Tests/test_temprory_worker.py\", line 253, in test_TemporaryWorkerAdd\n    fillTransportInfo(driver)\n  File \"/home/runner/work/Veritec_WebAutomationTesting/Veritec_WebAutomationTesting/Tests/test_temprory_worker.py\", line 172, in fillTransportInfo\n    TW.BikeNameOrLicencePlate = find_Elements_byXpathAndWait_getText(BikeNameList_xpath, driver)[0]\n                                ^^^^^^^^^^^^^^^^^^^^^^^^^^^^^^^^^^^^^^^^^^^^^^^^^^^^^^^^^^^^^^^^\n  File \"/home/runner/work/Veritec_WebAutomationTesting/Veritec_WebAutomationTesting/base_helpers.py\", line 106, in find_Elements_byXpathAndWait_getText\n    return list((i.text for i in find_Elements_byXpathAndWait(xpath, driver)))\n           ^^^^^^^^^^^^^^^^^^^^^^^^^^^^^^^^^^^^^^^^^^^^^^^^^^^^^^^^^^^^^^^^^^^\n  File \"/home/runner/work/Veritec_WebAutomationTesting/Veritec_WebAutomationTesting/base_helpers.py\", line 106, in <genexpr>\n    return list((i.text for i in find_Elements_byXpathAndWait(xpath, driver)))\n                 ^^^^^^\n  File \"/opt/hostedtoolcache/Python/3.11.3/x64/lib/python3.11/site-packages/selenium/webdriver/remote/webelement.py\", line 90, in text\n    return self._execute(Command.GET_ELEMENT_TEXT)[\"value\"]\n           ^^^^^^^^^^^^^^^^^^^^^^^^^^^^^^^^^^^^^^^\n  File \"/opt/hostedtoolcache/Python/3.11.3/x64/lib/python3.11/site-packages/selenium/webdriver/remote/webelement.py\", line 404, in _execute\n    return self._parent.execute(command, params)\n           ^^^^^^^^^^^^^^^^^^^^^^^^^^^^^^^^^^^^^\n  File \"/opt/hostedtoolcache/Python/3.11.3/x64/lib/python3.11/site-packages/selenium/webdriver/remote/webdriver.py\", line 440, in execute\n    self.error_handler.check_response(response)\n  File \"/opt/hostedtoolcache/Python/3.11.3/x64/lib/python3.11/site-packages/selenium/webdriver/remote/errorhandler.py\", line 245, in check_response\n    raise exception_class(message, screen, stacktrace)\n","steps":[{"name":"Enter Personal Data","time":{"start":1681987883472,"stop":1681987885493,"duration":2021},"status":"passed","steps":[],"attachments":[],"parameters":[],"stepsCount":0,"attachmentsCount":0,"shouldDisplayMessage":false,"hasContent":false},{"name":"Enter Employee Status","time":{"start":1681987885493,"stop":1681987886131,"duration":638},"status":"passed","steps":[],"attachments":[],"parameters":[],"stepsCount":0,"attachmentsCount":0,"shouldDisplayMessage":false,"hasContent":false},{"name":"Enter Client & Project Information","time":{"start":1681987886131,"stop":1681987889633,"duration":3502},"status":"passed","steps":[],"attachments":[],"parameters":[],"stepsCount":0,"attachmentsCount":0,"shouldDisplayMessage":false,"hasContent":false},{"name":"Enter Residence Information","time":{"start":1681987889633,"stop":1681987891433,"duration":1800},"status":"passed","steps":[],"attachments":[],"parameters":[],"stepsCount":0,"attachmentsCount":0,"shouldDisplayMessage":false,"hasContent":false},{"name":"Enter Transport Information","time":{"start":1681987891433,"stop":1681987894459,"duration":3026},"status":"broken","statusMessage":"selenium.common.exceptions.StaleElementReferenceException: Message: stale element reference: element is not attached to the page document\n  (Session info: chrome=112.0.5615.121)\nStacktrace:\n#0 0x5608b5002fe3 <unknown>\n#1 0x5608b4d41d36 <unknown>\n#2 0x5608b4d45283 <unknown>\n#3 0x5608b4d44ff2 <unknown>\n#4 0x5608b4d4530c <unknown>\n#5 0x5608b4d78c9e <unknown>\n#6 0x5608b4d9f8c2 <unknown>\n#7 0x5608b4d73943 <unknown>\n#8 0x5608b4d9fa8e <unknown>\n#9 0x5608b4db8232 <unknown>\n#10 0x5608b4d9f693 <unknown>\n#11 0x5608b4d7203a <unknown>\n#12 0x5608b4d7317e <unknown>\n#13 0x5608b4fc4dbd <unknown>\n#14 0x5608b4fc8c6c <unknown>\n#15 0x5608b4fd24b0 <unknown>\n#16 0x5608b4fc9d63 <unknown>\n#17 0x5608b4f9cc35 <unknown>\n#18 0x5608b4fed138 <unknown>\n#19 0x5608b4fed2c7 <unknown>\n#20 0x5608b4ffb093 <unknown>\n#21 0x7fa4c9e53b43 <unknown>\n\n","statusTrace":"  File \"/home/runner/work/Veritec_WebAutomationTesting/Veritec_WebAutomationTesting/Tests/test_temprory_worker.py\", line 172, in fillTransportInfo\n    TW.BikeNameOrLicencePlate = find_Elements_byXpathAndWait_getText(BikeNameList_xpath, driver)[0]\n                                ^^^^^^^^^^^^^^^^^^^^^^^^^^^^^^^^^^^^^^^^^^^^^^^^^^^^^^^^^^^^^^^^\n  File \"/home/runner/work/Veritec_WebAutomationTesting/Veritec_WebAutomationTesting/base_helpers.py\", line 106, in find_Elements_byXpathAndWait_getText\n    return list((i.text for i in find_Elements_byXpathAndWait(xpath, driver)))\n           ^^^^^^^^^^^^^^^^^^^^^^^^^^^^^^^^^^^^^^^^^^^^^^^^^^^^^^^^^^^^^^^^^^^\n  File \"/home/runner/work/Veritec_WebAutomationTesting/Veritec_WebAutomationTesting/base_helpers.py\", line 106, in <genexpr>\n    return list((i.text for i in find_Elements_byXpathAndWait(xpath, driver)))\n                 ^^^^^^\n  File \"/opt/hostedtoolcache/Python/3.11.3/x64/lib/python3.11/site-packages/selenium/webdriver/remote/webelement.py\", line 90, in text\n    return self._execute(Command.GET_ELEMENT_TEXT)[\"value\"]\n           ^^^^^^^^^^^^^^^^^^^^^^^^^^^^^^^^^^^^^^^\n  File \"/opt/hostedtoolcache/Python/3.11.3/x64/lib/python3.11/site-packages/selenium/webdriver/remote/webelement.py\", line 404, in _execute\n    return self._parent.execute(command, params)\n           ^^^^^^^^^^^^^^^^^^^^^^^^^^^^^^^^^^^^^\n  File \"/opt/hostedtoolcache/Python/3.11.3/x64/lib/python3.11/site-packages/selenium/webdriver/remote/webdriver.py\", line 440, in execute\n    self.error_handler.check_response(response)\n  File \"/opt/hostedtoolcache/Python/3.11.3/x64/lib/python3.11/site-packages/selenium/webdriver/remote/errorhandler.py\", line 245, in check_response\n    raise exception_class(message, screen, stacktrace)\n","steps":[],"attachments":[],"parameters":[],"stepsCount":0,"attachmentsCount":0,"shouldDisplayMessage":true,"hasContent":true}],"attachments":[],"parameters":[],"stepsCount":5,"attachmentsCount":0,"shouldDisplayMessage":false,"hasContent":true}],"attachments":[{"uid":"f3f46fb597e430a","name":"screenshot","source":"f3f46fb597e430a.png","type":"image/png","size":118972}],"parameters":[],"stepsCount":14,"attachmentsCount":1,"shouldDisplayMessage":true,"hasContent":true},"afterStages":[{"name":"driver::0","time":{"start":1681987894658,"stop":1681987894769,"duration":111},"status":"passed","steps":[],"attachments":[],"parameters":[],"stepsCount":0,"attachmentsCount":0,"shouldDisplayMessage":false,"hasContent":false}],"labels":[{"name":"story","value":"Add new temporary worker"},{"name":"feature","value":"Temporary Worker Feature"},{"name":"severity","value":"normal"},{"name":"tag","value":"sanity"},{"name":"tag","value":"regression"},{"name":"parentSuite","value":"Tests"},{"name":"suite","value":"test_temprory_worker"},{"name":"host","value":"fv-az403-53"},{"name":"thread","value":"2289-MainThread"},{"name":"framework","value":"pytest"},{"name":"language","value":"cpython3"},{"name":"package","value":"Tests.test_temprory_worker"},{"name":"resultFormat","value":"allure2"}],"parameters":[],"links":[],"hidden":false,"retry":false,"extra":{"severity":"normal","retries":[{"uid":"86a105fa6e486ea5","status":"broken","statusDetails":"selenium.common.exceptions.StaleElementReferenceException: Message: stale element reference: element is not attached to the page document\n  (Session info: chrome=112.0.5615.121)\nStacktrace:\n#0 0x5566dd3c6fe3 <unknown>\n#1 0x5566dd105d36 <unknown>\n#2 0x5566dd109283 <unknown>\n#3 0x5566dd108ff2 <unknown>\n#4 0x5566dd10930c <unknown>\n#5 0x5566dd13cc9e <unknown>\n#6 0x5566dd1638c2 <unknown>\n#7 0x5566dd137943 <unknown>\n#8 0x5566dd163a8e <unknown>\n#9 0x5566dd17c232 <unknown>\n#10 0x5566dd163693 <unknown>\n#11 0x5566dd13603a <unknown>\n#12 0x5566dd13717e <unknown>\n#13 0x5566dd388dbd <unknown>\n#14 0x5566dd38cc6c <unknown>\n#15 0x5566dd3964b0 <unknown>\n#16 0x5566dd38dd63 <unknown>\n#17 0x5566dd360c35 <unknown>\n#18 0x5566dd3b1138 <unknown>\n#19 0x5566dd3b12c7 <unknown>\n#20 0x5566dd3bf093 <unknown>\n#21 0x7f6f98dedb43 <unknown>","time":{"start":1681987862379,"stop":1681987877898,"duration":15519}},{"uid":"bc5b452bedd2cc28","status":"broken","statusDetails":"selenium.common.exceptions.StaleElementReferenceException: Message: stale element reference: element is not attached to the page document\n  (Session info: chrome=112.0.5615.121)\nStacktrace:\n#0 0x55a020b7ffe3 <unknown>\n#1 0x55a0208bed36 <unknown>\n#2 0x55a0208c2283 <unknown>\n#3 0x55a0208c1ff2 <unknown>\n#4 0x55a0208c230c <unknown>\n#5 0x55a0208f5c9e <unknown>\n#6 0x55a02091c8c2 <unknown>\n#7 0x55a0208f0943 <unknown>\n#8 0x55a02091ca8e <unknown>\n#9 0x55a020935232 <unknown>\n#10 0x55a02091c693 <unknown>\n#11 0x55a0208ef03a <unknown>\n#12 0x55a0208f017e <unknown>\n#13 0x55a020b41dbd <unknown>\n#14 0x55a020b45c6c <unknown>\n#15 0x55a020b4f4b0 <unknown>\n#16 0x55a020b46d63 <unknown>\n#17 0x55a020b19c35 <unknown>\n#18 0x55a020b6a138 <unknown>\n#19 0x55a020b6a2c7 <unknown>\n#20 0x55a020b78093 <unknown>\n#21 0x7f2771018b43 <unknown>","time":{"start":1681987845691,"stop":1681987861188,"duration":15497}}],"categories":[{"name":"Test defects","matchedStatuses":[],"flaky":false}],"history":{"statistic":{"failed":0,"broken":2,"skipped":0,"passed":0,"unknown":0,"total":2},"items":[{"uid":"41af38f725486772","reportUrl":"https://Cloud-Primero.github.io/Veritec_WebAutomationTesting/24//#testresult/41af38f725486772","status":"broken","statusDetails":"selenium.common.exceptions.StaleElementReferenceException: Message: stale element reference: element is not attached to the page document\n  (Session info: chrome=112.0.5615.121)\nStacktrace:\n#0 0x55cd63b54fe3 <unknown>\n#1 0x55cd63893d36 <unknown>\n#2 0x55cd63897283 <unknown>\n#3 0x55cd63896ff2 <unknown>\n#4 0x55cd6389730c <unknown>\n#5 0x55cd638cac9e <unknown>\n#6 0x55cd638f18c2 <unknown>\n#7 0x55cd638c5943 <unknown>\n#8 0x55cd638f1a8e <unknown>\n#9 0x55cd6390a232 <unknown>\n#10 0x55cd638f1693 <unknown>\n#11 0x55cd638c403a <unknown>\n#12 0x55cd638c517e <unknown>\n#13 0x55cd63b16dbd <unknown>\n#14 0x55cd63b1ac6c <unknown>\n#15 0x55cd63b244b0 <unknown>\n#16 0x55cd63b1bd63 <unknown>\n#17 0x55cd63aeec35 <unknown>\n#18 0x55cd63b3f138 <unknown>\n#19 0x55cd63b3f2c7 <unknown>\n#20 0x55cd63b4d093 <unknown>\n#21 0x7efd6544cb43 <unknown>","time":{"start":1681986085851,"stop":1681986101504,"duration":15653}}]},"tags":["regression","sanity"]},"source":"7981f1c9d99ff2c3.json","parameterValues":[]}