{"uid":"84fadeb791d3a20a","name":"test_EditLastNameAndVerifyInTable","fullName":"Tests.test_users#test_EditLastNameAndVerifyInTable","historyId":"311d8e0c2f4ddeabb681ccbd6a8c6188","time":{"start":1681988079212,"stop":1681988093338,"duration":14126},"status":"failed","statusMessage":"AssertionError: assert 'apUZEfdOWdeqeFQ1421' == 'HyderZLyfmdE...dOWdeqeFQ1421'\n  - HyderZLyfmdEGLXByPAn1421apUZEfdOWdeqeFQ1421\n  + apUZEfdOWdeqeFQ1421","statusTrace":"driver = <selenium.webdriver.chrome.webdriver.WebDriver (session=\"5c1acaa4342c27e2e2df3a3f480cb98b\")>\n\n    @allure.feature(\"Users Feature\")\n    @allure.story(\"Edit the LastName and Verify in Table\")\n    @allure.severity(allure.severity_level.MINOR)\n    @pytest.mark.regression\n    @pytest.mark.sanity\n    def test_EditLastNameAndVerifyInTable(driver):\n        VisitUsersPageWithLogin(driver)\n        FirstName = get_randomEmail().replace('@gmail.com', '')\n        with allure.step('And User Click on Edit Button'):\n            verify_loaderAndWait(TableLoader_xpath, driver)\n            find_byXpathAndWait(userEditBtn_xpath, driver).click()\n        with allure.step('Then Click On Save Changes button after changing LastName\"'):\n            driver.execute_script(\"arguments[0].value='';\", find_byXpath(lastNameInput, driver))\n            find_byXpath(lastNameInput, driver).send_keys(FirstName)\n            print(FirstName)\n            find_byXpathAndWait(saveChangesButton, driver).click()\n        with allure.step('And User Should see Success Message \"User Updated SuccessFully\"'):\n            verify_visibility_of_element_located(invalidUserMessage, driver)\n            sleep(3)\n        with allure.step('Then Verify LastName Updated in the Table'):\n            Name = find_Elements_byXpathAndWait_getText(firstRow, driver)\n            print(Name)\n>           assert FirstName == Name[2]\nE           AssertionError: assert 'apUZEfdOWdeqeFQ1421' == 'HyderZLyfmdE...dOWdeqeFQ1421'\nE             - HyderZLyfmdEGLXByPAn1421apUZEfdOWdeqeFQ1421\nE             + apUZEfdOWdeqeFQ1421\n\nTests/test_users.py:243: AssertionError","flaky":false,"newFailed":false,"newBroken":false,"newPassed":false,"retriesCount":0,"retriesStatusChange":false,"beforeStages":[{"name":"driver","time":{"start":1681988078361,"stop":1681988079212,"duration":851},"status":"passed","steps":[],"attachments":[],"parameters":[],"stepsCount":0,"attachmentsCount":0,"shouldDisplayMessage":false,"hasContent":false}],"testStage":{"status":"failed","statusMessage":"AssertionError: assert 'apUZEfdOWdeqeFQ1421' == 'HyderZLyfmdE...dOWdeqeFQ1421'\n  - HyderZLyfmdEGLXByPAn1421apUZEfdOWdeqeFQ1421\n  + apUZEfdOWdeqeFQ1421","statusTrace":"driver = <selenium.webdriver.chrome.webdriver.WebDriver (session=\"5c1acaa4342c27e2e2df3a3f480cb98b\")>\n\n    @allure.feature(\"Users Feature\")\n    @allure.story(\"Edit the LastName and Verify in Table\")\n    @allure.severity(allure.severity_level.MINOR)\n    @pytest.mark.regression\n    @pytest.mark.sanity\n    def test_EditLastNameAndVerifyInTable(driver):\n        VisitUsersPageWithLogin(driver)\n        FirstName = get_randomEmail().replace('@gmail.com', '')\n        with allure.step('And User Click on Edit Button'):\n            verify_loaderAndWait(TableLoader_xpath, driver)\n            find_byXpathAndWait(userEditBtn_xpath, driver).click()\n        with allure.step('Then Click On Save Changes button after changing LastName\"'):\n            driver.execute_script(\"arguments[0].value='';\", find_byXpath(lastNameInput, driver))\n            find_byXpath(lastNameInput, driver).send_keys(FirstName)\n            print(FirstName)\n            find_byXpathAndWait(saveChangesButton, driver).click()\n        with allure.step('And User Should see Success Message \"User Updated SuccessFully\"'):\n            verify_visibility_of_element_located(invalidUserMessage, driver)\n            sleep(3)\n        with allure.step('Then Verify LastName Updated in the Table'):\n            Name = find_Elements_byXpathAndWait_getText(firstRow, driver)\n            print(Name)\n>           assert FirstName == Name[2]\nE           AssertionError: assert 'apUZEfdOWdeqeFQ1421' == 'HyderZLyfmdE...dOWdeqeFQ1421'\nE             - HyderZLyfmdEGLXByPAn1421apUZEfdOWdeqeFQ1421\nE             + apUZEfdOWdeqeFQ1421\n\nTests/test_users.py:243: AssertionError","steps":[{"name":"Given Go to the \"Base\" url","time":{"start":1681988079212,"stop":1681988079657,"duration":445},"status":"passed","steps":[],"attachments":[],"parameters":[],"stepsCount":0,"attachmentsCount":0,"shouldDisplayMessage":false,"hasContent":false},{"name":"Then Verify user is on Login screen","time":{"start":1681988079657,"stop":1681988079720,"duration":63},"status":"passed","steps":[],"attachments":[],"parameters":[],"stepsCount":0,"attachmentsCount":0,"shouldDisplayMessage":false,"hasContent":false},{"name":"When User fills \"Valid\" form data on \"login\" screen","time":{"start":1681988079720,"stop":1681988080183,"duration":463},"status":"passed","steps":[],"attachments":[],"parameters":[],"stepsCount":0,"attachmentsCount":0,"shouldDisplayMessage":false,"hasContent":false},{"name":"Then Verify user is on \"HomePage\" screen","time":{"start":1681988080183,"stop":1681988080616,"duration":433},"status":"passed","steps":[],"attachments":[],"parameters":[],"stepsCount":0,"attachmentsCount":0,"shouldDisplayMessage":false,"hasContent":false},{"name":"Then User clicks \"Users\" button on \"Homepage\" screen","time":{"start":1681988080616,"stop":1681988080722,"duration":106},"status":"passed","steps":[],"attachments":[],"parameters":[],"stepsCount":0,"attachmentsCount":0,"shouldDisplayMessage":false,"hasContent":false},{"name":"And User Should see \"active-user\" in the url","time":{"start":1681988080722,"stop":1681988080760,"duration":38},"status":"passed","steps":[],"attachments":[],"parameters":[],"stepsCount":0,"attachmentsCount":0,"shouldDisplayMessage":false,"hasContent":false},{"name":"And User Click on Edit Button","time":{"start":1681988080760,"stop":1681988089198,"duration":8438},"status":"passed","steps":[],"attachments":[],"parameters":[],"stepsCount":0,"attachmentsCount":0,"shouldDisplayMessage":false,"hasContent":false},{"name":"Then Click On Save Changes button after changing LastName\"","time":{"start":1681988089198,"stop":1681988089594,"duration":396},"status":"passed","steps":[],"attachments":[],"parameters":[],"stepsCount":0,"attachmentsCount":0,"shouldDisplayMessage":false,"hasContent":false},{"name":"And User Should see Success Message \"User Updated SuccessFully\"","time":{"start":1681988089594,"stop":1681988093218,"duration":3624},"status":"passed","steps":[],"attachments":[],"parameters":[],"stepsCount":0,"attachmentsCount":0,"shouldDisplayMessage":false,"hasContent":false},{"name":"Then Verify LastName Updated in the Table","time":{"start":1681988093218,"stop":1681988093337,"duration":119},"status":"failed","statusMessage":"AssertionError: assert 'apUZEfdOWdeqeFQ1421' == 'HyderZLyfmdE...dOWdeqeFQ1421'\n  - HyderZLyfmdEGLXByPAn1421apUZEfdOWdeqeFQ1421\n  + apUZEfdOWdeqeFQ1421\n","statusTrace":"  File \"/home/runner/work/Veritec_WebAutomationTesting/Veritec_WebAutomationTesting/Tests/test_users.py\", line 243, in test_EditLastNameAndVerifyInTable\n    assert FirstName == Name[2]\n","steps":[],"attachments":[],"parameters":[],"stepsCount":0,"attachmentsCount":0,"shouldDisplayMessage":true,"hasContent":true}],"attachments":[{"uid":"9bd333ac961800b6","name":"screenshot","source":"9bd333ac961800b6.png","type":"image/png","size":166875}],"parameters":[],"stepsCount":10,"attachmentsCount":1,"shouldDisplayMessage":true,"hasContent":true},"afterStages":[{"name":"driver::0","time":{"start":1681988093503,"stop":1681988093614,"duration":111},"status":"passed","steps":[],"attachments":[],"parameters":[],"stepsCount":0,"attachmentsCount":0,"shouldDisplayMessage":false,"hasContent":false}],"labels":[{"name":"severity","value":"minor"},{"name":"story","value":"Edit the LastName and Verify in Table"},{"name":"feature","value":"Users Feature"},{"name":"tag","value":"sanity"},{"name":"tag","value":"regression"},{"name":"parentSuite","value":"Tests"},{"name":"suite","value":"test_users"},{"name":"host","value":"fv-az403-53"},{"name":"thread","value":"2289-MainThread"},{"name":"framework","value":"pytest"},{"name":"language","value":"cpython3"},{"name":"package","value":"Tests.test_users"},{"name":"resultFormat","value":"allure2"}],"parameters":[],"links":[],"hidden":true,"retry":true,"extra":{"categories":[],"tags":["regression","sanity"]},"source":"84fadeb791d3a20a.json","parameterValues":[]}