{"uid":"9e75e6e4d323fc2d","name":"test_EditFirstNameAndVerifyInTable","fullName":"Tests.test_users#test_EditFirstNameAndVerifyInTable","historyId":"6bb4d12c59fb2173c2ac319c67f3bf7e","time":{"start":1681988018275,"stop":1681988032408,"duration":14133},"status":"failed","statusMessage":"AssertionError: assert 'XniUIDcPtddFpTH1421' == 'AtifXniUIDcPtddFpTH1421'\n  - AtifXniUIDcPtddFpTH1421\n  ? ----\n  + XniUIDcPtddFpTH1421","statusTrace":"driver = <selenium.webdriver.chrome.webdriver.WebDriver (session=\"26b24288ffbc30fe7429c37d8513689f\")>\n\n    @allure.feature(\"Users Feature\")\n    @allure.story(\"Edit the FirstName and Verify in Table\")\n    @allure.severity(allure.severity_level.MINOR)\n    @pytest.mark.regression\n    @pytest.mark.sanity\n    def test_EditFirstNameAndVerifyInTable(driver):\n        VisitUsersPageWithLogin(driver)\n        FirstName = get_randomEmail().replace('@gmail.com', '')\n        with allure.step('And User Click on Edit Button'):\n            verify_loaderAndWait(TableLoader_xpath, driver)\n            find_byXpathAndWait(userEditBtn_xpath, driver).click()\n        with allure.step('Then Click On Save Changes button after changing FirstName\"'):\n            driver.execute_script(\"arguments[0].value='';\", find_byXpath(firstNameInput, driver))\n            find_byXpath(firstNameInput, driver).send_keys(FirstName)\n            print(FirstName)\n            find_byXpathAndWait(saveChangesButton, driver).click()\n        with allure.step('And User Should see Success Message \"User Updated SuccessFully\"'):\n            verify_visibility_of_element_located(invalidUserMessage, driver)\n            sleep(3)\n        with allure.step('Then Verify FirstName Updated in the Table'):\n            Name = find_Elements_byXpathAndWait_getText(firstRow, driver)\n            print(Name)\n>           assert FirstName == Name[1]\nE           AssertionError: assert 'XniUIDcPtddFpTH1421' == 'AtifXniUIDcPtddFpTH1421'\nE             - AtifXniUIDcPtddFpTH1421\nE             ? ----\nE             + XniUIDcPtddFpTH1421\n\nTests/test_users.py:218: AssertionError","flaky":false,"newFailed":false,"newBroken":false,"newPassed":false,"retriesCount":0,"retriesStatusChange":false,"beforeStages":[{"name":"driver","time":{"start":1681988017427,"stop":1681988018274,"duration":847},"status":"passed","steps":[],"attachments":[],"parameters":[],"stepsCount":0,"attachmentsCount":0,"shouldDisplayMessage":false,"hasContent":false}],"testStage":{"status":"failed","statusMessage":"AssertionError: assert 'XniUIDcPtddFpTH1421' == 'AtifXniUIDcPtddFpTH1421'\n  - AtifXniUIDcPtddFpTH1421\n  ? ----\n  + XniUIDcPtddFpTH1421","statusTrace":"driver = <selenium.webdriver.chrome.webdriver.WebDriver (session=\"26b24288ffbc30fe7429c37d8513689f\")>\n\n    @allure.feature(\"Users Feature\")\n    @allure.story(\"Edit the FirstName and Verify in Table\")\n    @allure.severity(allure.severity_level.MINOR)\n    @pytest.mark.regression\n    @pytest.mark.sanity\n    def test_EditFirstNameAndVerifyInTable(driver):\n        VisitUsersPageWithLogin(driver)\n        FirstName = get_randomEmail().replace('@gmail.com', '')\n        with allure.step('And User Click on Edit Button'):\n            verify_loaderAndWait(TableLoader_xpath, driver)\n            find_byXpathAndWait(userEditBtn_xpath, driver).click()\n        with allure.step('Then Click On Save Changes button after changing FirstName\"'):\n            driver.execute_script(\"arguments[0].value='';\", find_byXpath(firstNameInput, driver))\n            find_byXpath(firstNameInput, driver).send_keys(FirstName)\n            print(FirstName)\n            find_byXpathAndWait(saveChangesButton, driver).click()\n        with allure.step('And User Should see Success Message \"User Updated SuccessFully\"'):\n            verify_visibility_of_element_located(invalidUserMessage, driver)\n            sleep(3)\n        with allure.step('Then Verify FirstName Updated in the Table'):\n            Name = find_Elements_byXpathAndWait_getText(firstRow, driver)\n            print(Name)\n>           assert FirstName == Name[1]\nE           AssertionError: assert 'XniUIDcPtddFpTH1421' == 'AtifXniUIDcPtddFpTH1421'\nE             - AtifXniUIDcPtddFpTH1421\nE             ? ----\nE             + XniUIDcPtddFpTH1421\n\nTests/test_users.py:218: AssertionError","steps":[{"name":"Given Go to the \"Base\" url","time":{"start":1681988018275,"stop":1681988018713,"duration":438},"status":"passed","steps":[],"attachments":[],"parameters":[],"stepsCount":0,"attachmentsCount":0,"shouldDisplayMessage":false,"hasContent":false},{"name":"Then Verify user is on Login screen","time":{"start":1681988018713,"stop":1681988018775,"duration":62},"status":"passed","steps":[],"attachments":[],"parameters":[],"stepsCount":0,"attachmentsCount":0,"shouldDisplayMessage":false,"hasContent":false},{"name":"When User fills \"Valid\" form data on \"login\" screen","time":{"start":1681988018776,"stop":1681988019215,"duration":439},"status":"passed","steps":[],"attachments":[],"parameters":[],"stepsCount":0,"attachmentsCount":0,"shouldDisplayMessage":false,"hasContent":false},{"name":"Then Verify user is on \"HomePage\" screen","time":{"start":1681988019215,"stop":1681988019639,"duration":424},"status":"passed","steps":[],"attachments":[],"parameters":[],"stepsCount":0,"attachmentsCount":0,"shouldDisplayMessage":false,"hasContent":false},{"name":"Then User clicks \"Users\" button on \"Homepage\" screen","time":{"start":1681988019639,"stop":1681988019741,"duration":102},"status":"passed","steps":[],"attachments":[],"parameters":[],"stepsCount":0,"attachmentsCount":0,"shouldDisplayMessage":false,"hasContent":false},{"name":"And User Should see \"active-user\" in the url","time":{"start":1681988019742,"stop":1681988019782,"duration":40},"status":"passed","steps":[],"attachments":[],"parameters":[],"stepsCount":0,"attachmentsCount":0,"shouldDisplayMessage":false,"hasContent":false},{"name":"And User Click on Edit Button","time":{"start":1681988019782,"stop":1681988028326,"duration":8544},"status":"passed","steps":[],"attachments":[],"parameters":[],"stepsCount":0,"attachmentsCount":0,"shouldDisplayMessage":false,"hasContent":false},{"name":"Then Click On Save Changes button after changing FirstName\"","time":{"start":1681988028327,"stop":1681988028714,"duration":387},"status":"passed","steps":[],"attachments":[],"parameters":[],"stepsCount":0,"attachmentsCount":0,"shouldDisplayMessage":false,"hasContent":false},{"name":"And User Should see Success Message \"User Updated SuccessFully\"","time":{"start":1681988028714,"stop":1681988032287,"duration":3573},"status":"passed","steps":[],"attachments":[],"parameters":[],"stepsCount":0,"attachmentsCount":0,"shouldDisplayMessage":false,"hasContent":false},{"name":"Then Verify FirstName Updated in the Table","time":{"start":1681988032287,"stop":1681988032407,"duration":120},"status":"failed","statusMessage":"AssertionError: assert 'XniUIDcPtddFpTH1421' == 'AtifXniUIDcPtddFpTH1421'\n  - AtifXniUIDcPtddFpTH1421\n  ? ----\n  + XniUIDcPtddFpTH1421\n","statusTrace":"  File \"/home/runner/work/Veritec_WebAutomationTesting/Veritec_WebAutomationTesting/Tests/test_users.py\", line 218, in test_EditFirstNameAndVerifyInTable\n    assert FirstName == Name[1]\n","steps":[],"attachments":[],"parameters":[],"stepsCount":0,"attachmentsCount":0,"shouldDisplayMessage":true,"hasContent":true}],"attachments":[{"uid":"36116abd636fdca5","name":"screenshot","source":"36116abd636fdca5.png","type":"image/png","size":185209}],"parameters":[],"stepsCount":10,"attachmentsCount":1,"shouldDisplayMessage":true,"hasContent":true},"afterStages":[{"name":"driver::0","time":{"start":1681988032572,"stop":1681988032649,"duration":77},"status":"passed","steps":[],"attachments":[],"parameters":[],"stepsCount":0,"attachmentsCount":0,"shouldDisplayMessage":false,"hasContent":false}],"labels":[{"name":"feature","value":"Users Feature"},{"name":"severity","value":"minor"},{"name":"story","value":"Edit the FirstName and Verify in Table"},{"name":"tag","value":"sanity"},{"name":"tag","value":"regression"},{"name":"parentSuite","value":"Tests"},{"name":"suite","value":"test_users"},{"name":"host","value":"fv-az403-53"},{"name":"thread","value":"2289-MainThread"},{"name":"framework","value":"pytest"},{"name":"language","value":"cpython3"},{"name":"package","value":"Tests.test_users"},{"name":"resultFormat","value":"allure2"}],"parameters":[],"links":[],"hidden":true,"retry":true,"extra":{"categories":[],"tags":["regression","sanity"]},"source":"9e75e6e4d323fc2d.json","parameterValues":[]}