{"uid":"fa422563a0c2315c","name":"test_EditFirstNameAndVerifyInTable","fullName":"Tests.test_users#test_EditFirstNameAndVerifyInTable","historyId":"6bb4d12c59fb2173c2ac319c67f3bf7e","time":{"start":1681988048662,"stop":1681988062866,"duration":14204},"status":"failed","statusMessage":"AssertionError: assert 'pYJFrICllIcOpGP1421' == 'AtifXniUIDcP...CllIcOpGP1421'\n  - AtifXniUIDcPtddFpTH1421XSZxOULuLaDtoMv1421pYJFrICllIcOpGP1421\n  + pYJFrICllIcOpGP1421","statusTrace":"driver = <selenium.webdriver.chrome.webdriver.WebDriver (session=\"dabf6b7dcb68ef140bed6a813a9004df\")>\n\n    @allure.feature(\"Users Feature\")\n    @allure.story(\"Edit the FirstName and Verify in Table\")\n    @allure.severity(allure.severity_level.MINOR)\n    @pytest.mark.regression\n    @pytest.mark.sanity\n    def test_EditFirstNameAndVerifyInTable(driver):\n        VisitUsersPageWithLogin(driver)\n        FirstName = get_randomEmail().replace('@gmail.com', '')\n        with allure.step('And User Click on Edit Button'):\n            verify_loaderAndWait(TableLoader_xpath, driver)\n            find_byXpathAndWait(userEditBtn_xpath, driver).click()\n        with allure.step('Then Click On Save Changes button after changing FirstName\"'):\n            driver.execute_script(\"arguments[0].value='';\", find_byXpath(firstNameInput, driver))\n            find_byXpath(firstNameInput, driver).send_keys(FirstName)\n            print(FirstName)\n            find_byXpathAndWait(saveChangesButton, driver).click()\n        with allure.step('And User Should see Success Message \"User Updated SuccessFully\"'):\n            verify_visibility_of_element_located(invalidUserMessage, driver)\n            sleep(3)\n        with allure.step('Then Verify FirstName Updated in the Table'):\n            Name = find_Elements_byXpathAndWait_getText(firstRow, driver)\n            print(Name)\n>           assert FirstName == Name[1]\nE           AssertionError: assert 'pYJFrICllIcOpGP1421' == 'AtifXniUIDcP...CllIcOpGP1421'\nE             - AtifXniUIDcPtddFpTH1421XSZxOULuLaDtoMv1421pYJFrICllIcOpGP1421\nE             + pYJFrICllIcOpGP1421\n\nTests/test_users.py:218: AssertionError","flaky":false,"newFailed":false,"newBroken":false,"newPassed":false,"retriesCount":2,"retriesStatusChange":false,"beforeStages":[{"name":"driver","time":{"start":1681988047806,"stop":1681988048661,"duration":855},"status":"passed","steps":[],"attachments":[],"parameters":[],"stepsCount":0,"attachmentsCount":0,"shouldDisplayMessage":false,"hasContent":false}],"testStage":{"status":"failed","statusMessage":"AssertionError: assert 'pYJFrICllIcOpGP1421' == 'AtifXniUIDcP...CllIcOpGP1421'\n  - AtifXniUIDcPtddFpTH1421XSZxOULuLaDtoMv1421pYJFrICllIcOpGP1421\n  + pYJFrICllIcOpGP1421","statusTrace":"driver = <selenium.webdriver.chrome.webdriver.WebDriver (session=\"dabf6b7dcb68ef140bed6a813a9004df\")>\n\n    @allure.feature(\"Users Feature\")\n    @allure.story(\"Edit the FirstName and Verify in Table\")\n    @allure.severity(allure.severity_level.MINOR)\n    @pytest.mark.regression\n    @pytest.mark.sanity\n    def test_EditFirstNameAndVerifyInTable(driver):\n        VisitUsersPageWithLogin(driver)\n        FirstName = get_randomEmail().replace('@gmail.com', '')\n        with allure.step('And User Click on Edit Button'):\n            verify_loaderAndWait(TableLoader_xpath, driver)\n            find_byXpathAndWait(userEditBtn_xpath, driver).click()\n        with allure.step('Then Click On Save Changes button after changing FirstName\"'):\n            driver.execute_script(\"arguments[0].value='';\", find_byXpath(firstNameInput, driver))\n            find_byXpath(firstNameInput, driver).send_keys(FirstName)\n            print(FirstName)\n            find_byXpathAndWait(saveChangesButton, driver).click()\n        with allure.step('And User Should see Success Message \"User Updated SuccessFully\"'):\n            verify_visibility_of_element_located(invalidUserMessage, driver)\n            sleep(3)\n        with allure.step('Then Verify FirstName Updated in the Table'):\n            Name = find_Elements_byXpathAndWait_getText(firstRow, driver)\n            print(Name)\n>           assert FirstName == Name[1]\nE           AssertionError: assert 'pYJFrICllIcOpGP1421' == 'AtifXniUIDcP...CllIcOpGP1421'\nE             - AtifXniUIDcPtddFpTH1421XSZxOULuLaDtoMv1421pYJFrICllIcOpGP1421\nE             + pYJFrICllIcOpGP1421\n\nTests/test_users.py:218: AssertionError","steps":[{"name":"Given Go to the \"Base\" url","time":{"start":1681988048662,"stop":1681988049107,"duration":445},"status":"passed","steps":[],"attachments":[],"parameters":[],"stepsCount":0,"attachmentsCount":0,"shouldDisplayMessage":false,"hasContent":false},{"name":"Then Verify user is on Login screen","time":{"start":1681988049107,"stop":1681988049159,"duration":52},"status":"passed","steps":[],"attachments":[],"parameters":[],"stepsCount":0,"attachmentsCount":0,"shouldDisplayMessage":false,"hasContent":false},{"name":"When User fills \"Valid\" form data on \"login\" screen","time":{"start":1681988049159,"stop":1681988049614,"duration":455},"status":"passed","steps":[],"attachments":[],"parameters":[],"stepsCount":0,"attachmentsCount":0,"shouldDisplayMessage":false,"hasContent":false},{"name":"Then Verify user is on \"HomePage\" screen","time":{"start":1681988049614,"stop":1681988050046,"duration":432},"status":"passed","steps":[],"attachments":[],"parameters":[],"stepsCount":0,"attachmentsCount":0,"shouldDisplayMessage":false,"hasContent":false},{"name":"Then User clicks \"Users\" button on \"Homepage\" screen","time":{"start":1681988050046,"stop":1681988050153,"duration":107},"status":"passed","steps":[],"attachments":[],"parameters":[],"stepsCount":0,"attachmentsCount":0,"shouldDisplayMessage":false,"hasContent":false},{"name":"And User Should see \"active-user\" in the url","time":{"start":1681988050153,"stop":1681988050179,"duration":26},"status":"passed","steps":[],"attachments":[],"parameters":[],"stepsCount":0,"attachmentsCount":0,"shouldDisplayMessage":false,"hasContent":false},{"name":"And User Click on Edit Button","time":{"start":1681988050179,"stop":1681988058761,"duration":8582},"status":"passed","steps":[],"attachments":[],"parameters":[],"stepsCount":0,"attachmentsCount":0,"shouldDisplayMessage":false,"hasContent":false},{"name":"Then Click On Save Changes button after changing FirstName\"","time":{"start":1681988058761,"stop":1681988059130,"duration":369},"status":"passed","steps":[],"attachments":[],"parameters":[],"stepsCount":0,"attachmentsCount":0,"shouldDisplayMessage":false,"hasContent":false},{"name":"And User Should see Success Message \"User Updated SuccessFully\"","time":{"start":1681988059130,"stop":1681988062747,"duration":3617},"status":"passed","steps":[],"attachments":[],"parameters":[],"stepsCount":0,"attachmentsCount":0,"shouldDisplayMessage":false,"hasContent":false},{"name":"Then Verify FirstName Updated in the Table","time":{"start":1681988062747,"stop":1681988062865,"duration":118},"status":"failed","statusMessage":"AssertionError: assert 'pYJFrICllIcOpGP1421' == 'AtifXniUIDcP...CllIcOpGP1421'\n  - AtifXniUIDcPtddFpTH1421XSZxOULuLaDtoMv1421pYJFrICllIcOpGP1421\n  + pYJFrICllIcOpGP1421\n","statusTrace":"  File \"/home/runner/work/Veritec_WebAutomationTesting/Veritec_WebAutomationTesting/Tests/test_users.py\", line 218, in test_EditFirstNameAndVerifyInTable\n    assert FirstName == Name[1]\n","steps":[],"attachments":[],"parameters":[],"stepsCount":0,"attachmentsCount":0,"shouldDisplayMessage":true,"hasContent":true}],"attachments":[{"uid":"cb2640fcc65a1bb5","name":"screenshot","source":"cb2640fcc65a1bb5.png","type":"image/png","size":192986}],"parameters":[],"stepsCount":10,"attachmentsCount":1,"shouldDisplayMessage":true,"hasContent":true},"afterStages":[{"name":"driver::0","time":{"start":1681988063040,"stop":1681988063114,"duration":74},"status":"passed","steps":[],"attachments":[],"parameters":[],"stepsCount":0,"attachmentsCount":0,"shouldDisplayMessage":false,"hasContent":false}],"labels":[{"name":"feature","value":"Users Feature"},{"name":"severity","value":"minor"},{"name":"story","value":"Edit the FirstName and Verify in Table"},{"name":"tag","value":"sanity"},{"name":"tag","value":"regression"},{"name":"parentSuite","value":"Tests"},{"name":"suite","value":"test_users"},{"name":"host","value":"fv-az403-53"},{"name":"thread","value":"2289-MainThread"},{"name":"framework","value":"pytest"},{"name":"language","value":"cpython3"},{"name":"package","value":"Tests.test_users"},{"name":"resultFormat","value":"allure2"}],"parameters":[],"links":[],"hidden":false,"retry":false,"extra":{"severity":"minor","retries":[{"uid":"c5c93a06d61d2b71","status":"failed","statusDetails":"AssertionError: assert 'XSZxOULuLaDtoMv1421' == 'AtifXniUIDcP...LuLaDtoMv1421'\n  - AtifXniUIDcPtddFpTH1421XSZxOULuLaDtoMv1421\n  + XSZxOULuLaDtoMv1421","time":{"start":1681988033506,"stop":1681988047514,"duration":14008}},{"uid":"9e75e6e4d323fc2d","status":"failed","statusDetails":"AssertionError: assert 'XniUIDcPtddFpTH1421' == 'AtifXniUIDcPtddFpTH1421'\n  - AtifXniUIDcPtddFpTH1421\n  ? ----\n  + XniUIDcPtddFpTH1421","time":{"start":1681988018275,"stop":1681988032408,"duration":14133}}],"categories":[{"name":"Product defects","matchedStatuses":[],"flaky":false}],"history":{"statistic":{"failed":2,"broken":0,"skipped":0,"passed":0,"unknown":0,"total":2},"items":[{"uid":"8ff2582838854cf3","reportUrl":"https://Cloud-Primero.github.io/Veritec_WebAutomationTesting/24//#testresult/8ff2582838854cf3","status":"failed","statusDetails":"AssertionError: assert 'rNSpdiAQNhufUfQ1421' == 'ioptsHGlgOro...AQNhufUfQ1421'\n  - ioptsHGlgOroKsuffkeD1421SpWxQNNDowinIqa1421wXFSGjBIJnRUwEm1421SFNyKXBWUDFeGrA1421rNSpdiAQNhufUfQ1421\n  + rNSpdiAQNhufUfQ1421","time":{"start":1681986245441,"stop":1681986259747,"duration":14306}}]},"tags":["regression","sanity"]},"source":"fa422563a0c2315c.json","parameterValues":[]}