{"uid":"421f3f530a85340e","name":"test_EditLastNameAndVerifyInTable","fullName":"Tests.test_users#test_EditLastNameAndVerifyInTable","historyId":"311d8e0c2f4ddeabb681ccbd6a8c6188","time":{"start":1681986260898,"stop":1681986275321,"duration":14423},"status":"failed","statusMessage":"AssertionError: assert 'ITsXeRHcAUcNPHg1421' == 'HyderFhjIytX...HcAUcNPHg1421'\n  - HyderFhjIytXaUtgGBIz1421ITsXeRHcAUcNPHg1421\n  + ITsXeRHcAUcNPHg1421","statusTrace":"driver = <selenium.webdriver.chrome.webdriver.WebDriver (session=\"3ae92c2496c0fd303504dc1021aa0d3d\")>\n\n    @allure.feature(\"Users Feature\")\n    @allure.story(\"Edit the LastName and Verify in Table\")\n    @allure.severity(allure.severity_level.MINOR)\n    @pytest.mark.regression\n    @pytest.mark.sanity\n    def test_EditLastNameAndVerifyInTable(driver):\n        VisitUsersPageWithLogin(driver)\n        FirstName = get_randomEmail().replace('@gmail.com', '')\n        with allure.step('And User Click on Edit Button'):\n            verify_loaderAndWait(TableLoader_xpath, driver)\n            find_byXpathAndWait(userEditBtn_xpath, driver).click()\n        with allure.step('Then Click On Save Changes button after changing LastName\"'):\n            driver.execute_script(\"arguments[0].value='';\", find_byXpath(lastNameInput, driver))\n            find_byXpath(lastNameInput, driver).send_keys(FirstName)\n            print(FirstName)\n            find_byXpathAndWait(saveChangesButton, driver).click()\n        with allure.step('And User Should see Success Message \"User Updated SuccessFully\"'):\n            verify_visibility_of_element_located(invalidUserMessage, driver)\n            sleep(3)\n        with allure.step('Then Verify LastName Updated in the Table'):\n            Name = find_Elements_byXpathAndWait_getText(firstRow, driver)\n            print(Name)\n>           assert FirstName == Name[2]\nE           AssertionError: assert 'ITsXeRHcAUcNPHg1421' == 'HyderFhjIytX...HcAUcNPHg1421'\nE             - HyderFhjIytXaUtgGBIz1421ITsXeRHcAUcNPHg1421\nE             + ITsXeRHcAUcNPHg1421\n\nTests/test_users.py:243: AssertionError","flaky":false,"newFailed":false,"newBroken":false,"newPassed":false,"retriesCount":0,"retriesStatusChange":false,"beforeStages":[{"name":"driver","time":{"start":1681986260021,"stop":1681986260898,"duration":877},"status":"passed","steps":[],"attachments":[],"parameters":[],"stepsCount":0,"attachmentsCount":0,"shouldDisplayMessage":false,"hasContent":false}],"testStage":{"status":"failed","statusMessage":"AssertionError: assert 'ITsXeRHcAUcNPHg1421' == 'HyderFhjIytX...HcAUcNPHg1421'\n  - HyderFhjIytXaUtgGBIz1421ITsXeRHcAUcNPHg1421\n  + ITsXeRHcAUcNPHg1421","statusTrace":"driver = <selenium.webdriver.chrome.webdriver.WebDriver (session=\"3ae92c2496c0fd303504dc1021aa0d3d\")>\n\n    @allure.feature(\"Users Feature\")\n    @allure.story(\"Edit the LastName and Verify in Table\")\n    @allure.severity(allure.severity_level.MINOR)\n    @pytest.mark.regression\n    @pytest.mark.sanity\n    def test_EditLastNameAndVerifyInTable(driver):\n        VisitUsersPageWithLogin(driver)\n        FirstName = get_randomEmail().replace('@gmail.com', '')\n        with allure.step('And User Click on Edit Button'):\n            verify_loaderAndWait(TableLoader_xpath, driver)\n            find_byXpathAndWait(userEditBtn_xpath, driver).click()\n        with allure.step('Then Click On Save Changes button after changing LastName\"'):\n            driver.execute_script(\"arguments[0].value='';\", find_byXpath(lastNameInput, driver))\n            find_byXpath(lastNameInput, driver).send_keys(FirstName)\n            print(FirstName)\n            find_byXpathAndWait(saveChangesButton, driver).click()\n        with allure.step('And User Should see Success Message \"User Updated SuccessFully\"'):\n            verify_visibility_of_element_located(invalidUserMessage, driver)\n            sleep(3)\n        with allure.step('Then Verify LastName Updated in the Table'):\n            Name = find_Elements_byXpathAndWait_getText(firstRow, driver)\n            print(Name)\n>           assert FirstName == Name[2]\nE           AssertionError: assert 'ITsXeRHcAUcNPHg1421' == 'HyderFhjIytX...HcAUcNPHg1421'\nE             - HyderFhjIytXaUtgGBIz1421ITsXeRHcAUcNPHg1421\nE             + ITsXeRHcAUcNPHg1421\n\nTests/test_users.py:243: AssertionError","steps":[{"name":"Given Go to the \"Base\" url","time":{"start":1681986260898,"stop":1681986261361,"duration":463},"status":"passed","steps":[],"attachments":[],"parameters":[],"stepsCount":0,"attachmentsCount":0,"shouldDisplayMessage":false,"hasContent":false},{"name":"Then Verify user is on Login screen","time":{"start":1681986261361,"stop":1681986261410,"duration":49},"status":"passed","steps":[],"attachments":[],"parameters":[],"stepsCount":0,"attachmentsCount":0,"shouldDisplayMessage":false,"hasContent":false},{"name":"When User fills \"Valid\" form data on \"login\" screen","time":{"start":1681986261410,"stop":1681986261899,"duration":489},"status":"passed","steps":[],"attachments":[],"parameters":[],"stepsCount":0,"attachmentsCount":0,"shouldDisplayMessage":false,"hasContent":false},{"name":"Then Verify user is on \"HomePage\" screen","time":{"start":1681986261899,"stop":1681986262342,"duration":443},"status":"passed","steps":[],"attachments":[],"parameters":[],"stepsCount":0,"attachmentsCount":0,"shouldDisplayMessage":false,"hasContent":false},{"name":"Then User clicks \"Users\" button on \"Homepage\" screen","time":{"start":1681986262342,"stop":1681986262450,"duration":108},"status":"passed","steps":[],"attachments":[],"parameters":[],"stepsCount":0,"attachmentsCount":0,"shouldDisplayMessage":false,"hasContent":false},{"name":"And User Should see \"active-user\" in the url","time":{"start":1681986262451,"stop":1681986262498,"duration":47},"status":"passed","steps":[],"attachments":[],"parameters":[],"stepsCount":0,"attachmentsCount":0,"shouldDisplayMessage":false,"hasContent":false},{"name":"And User Click on Edit Button","time":{"start":1681986262498,"stop":1681986271186,"duration":8688},"status":"passed","steps":[],"attachments":[],"parameters":[],"stepsCount":0,"attachmentsCount":0,"shouldDisplayMessage":false,"hasContent":false},{"name":"Then Click On Save Changes button after changing LastName\"","time":{"start":1681986271186,"stop":1681986271568,"duration":382},"status":"passed","steps":[],"attachments":[],"parameters":[],"stepsCount":0,"attachmentsCount":0,"shouldDisplayMessage":false,"hasContent":false},{"name":"And User Should see Success Message \"User Updated SuccessFully\"","time":{"start":1681986271568,"stop":1681986275193,"duration":3625},"status":"passed","steps":[],"attachments":[],"parameters":[],"stepsCount":0,"attachmentsCount":0,"shouldDisplayMessage":false,"hasContent":false},{"name":"Then Verify LastName Updated in the Table","time":{"start":1681986275193,"stop":1681986275321,"duration":128},"status":"failed","statusMessage":"AssertionError: assert 'ITsXeRHcAUcNPHg1421' == 'HyderFhjIytX...HcAUcNPHg1421'\n  - HyderFhjIytXaUtgGBIz1421ITsXeRHcAUcNPHg1421\n  + ITsXeRHcAUcNPHg1421\n","statusTrace":"  File \"/home/runner/work/Veritec_WebAutomationTesting/Veritec_WebAutomationTesting/Tests/test_users.py\", line 243, in test_EditLastNameAndVerifyInTable\n    assert FirstName == Name[2]\n","steps":[],"attachments":[],"parameters":[],"stepsCount":0,"attachmentsCount":0,"shouldDisplayMessage":true,"hasContent":true}],"attachments":[{"uid":"ed4b4befee37a52f","name":"screenshot","source":"ed4b4befee37a52f.png","type":"image/png","size":140477}],"parameters":[],"stepsCount":10,"attachmentsCount":1,"shouldDisplayMessage":true,"hasContent":true},"afterStages":[{"name":"driver::0","time":{"start":1681986275504,"stop":1681986275616,"duration":112},"status":"passed","steps":[],"attachments":[],"parameters":[],"stepsCount":0,"attachmentsCount":0,"shouldDisplayMessage":false,"hasContent":false}],"labels":[{"name":"severity","value":"minor"},{"name":"feature","value":"Users Feature"},{"name":"story","value":"Edit the LastName and Verify in Table"},{"name":"tag","value":"sanity"},{"name":"tag","value":"regression"},{"name":"parentSuite","value":"Tests"},{"name":"suite","value":"test_users"},{"name":"host","value":"fv-az809-152"},{"name":"thread","value":"2291-MainThread"},{"name":"framework","value":"pytest"},{"name":"language","value":"cpython3"},{"name":"package","value":"Tests.test_users"},{"name":"resultFormat","value":"allure2"}],"parameters":[],"links":[],"hidden":true,"retry":true,"extra":{"categories":[],"tags":["regression","sanity"]},"source":"421f3f530a85340e.json","parameterValues":[]}