{"uid":"4641d2936ee773f2","name":"test_TemporaryWorkerVerifyIfExportedCSVFileDataMatchesWithWebTableData","fullName":"Tests.test_temprory_worker#test_TemporaryWorkerVerifyIfExportedCSVFileDataMatchesWithWebTableData","historyId":"4dc930d6c91e7d555205d60d52968826","time":{"start":1681985967741,"stop":1681985988966,"duration":21225},"status":"failed","statusMessage":"AssertionError","statusTrace":"driver = <selenium.webdriver.chrome.webdriver.WebDriver (session=\"37674cbf21d4ec9db97448e01228cc3f\")>\n\n    @allure.feature(\"Temporary Worker Feature\")\n    @allure.story(\"Verify If Exported CSV file has the exact data matches with table\")\n    @allure.severity(allure.severity_level.NORMAL)\n    @pytest.mark.regression\n    @pytest.mark.sanity\n    @pytest.mark.order(5)\n    def test_TemporaryWorkerVerifyIfExportedCSVFileDataMatchesWithWebTableData(driver):\n        VisitTemporaryWorkerPageWithLogin(driver)\n    \n        fileName = Storage.downloadsPath + find_byXpath(csvFileEXPORTNAME, driver).get_attribute(\"download\") + '.csv'\n>       downloadAndVerifyCSVExportedFile(driver)\n\nTests/test_temprory_worker.py:375: \n_ _ _ _ _ _ _ _ _ _ _ _ _ _ _ _ _ _ _ _ _ _ _ _ _ _ _ _ _ _ _ _ _ _ _ _ _ _ _ _ \nTests/test_temprory_worker.py:53: in downloadAndVerifyCSVExportedFile\n    verifyFileDownloadedCorrectly(FilePath=fileName)\n_ _ _ _ _ _ _ _ _ _ _ _ _ _ _ _ _ _ _ _ _ _ _ _ _ _ _ _ _ _ _ _ _ _ _ _ _ _ _ _ \n\nFilePath = '/home/runner/work/Veritec_WebAutomationTesting/Veritec_WebAutomationTesting/Downloads/Veritec-temporary-workers@20-Apr-2023.csv'\n\n    def verifyFileDownloadedCorrectly(FilePath):\n>       assert os.path.exists(FilePath)\nE       AssertionError\n\nbase_helpers.py:240: AssertionError","flaky":false,"newFailed":false,"newBroken":false,"newPassed":false,"retriesCount":0,"retriesStatusChange":false,"beforeStages":[{"name":"driver","time":{"start":1681985966860,"stop":1681985967740,"duration":880},"status":"passed","steps":[],"attachments":[],"parameters":[],"stepsCount":0,"attachmentsCount":0,"shouldDisplayMessage":false,"hasContent":false}],"testStage":{"status":"failed","statusMessage":"AssertionError","statusTrace":"driver = <selenium.webdriver.chrome.webdriver.WebDriver (session=\"37674cbf21d4ec9db97448e01228cc3f\")>\n\n    @allure.feature(\"Temporary Worker Feature\")\n    @allure.story(\"Verify If Exported CSV file has the exact data matches with table\")\n    @allure.severity(allure.severity_level.NORMAL)\n    @pytest.mark.regression\n    @pytest.mark.sanity\n    @pytest.mark.order(5)\n    def test_TemporaryWorkerVerifyIfExportedCSVFileDataMatchesWithWebTableData(driver):\n        VisitTemporaryWorkerPageWithLogin(driver)\n    \n        fileName = Storage.downloadsPath + find_byXpath(csvFileEXPORTNAME, driver).get_attribute(\"download\") + '.csv'\n>       downloadAndVerifyCSVExportedFile(driver)\n\nTests/test_temprory_worker.py:375: \n_ _ _ _ _ _ _ _ _ _ _ _ _ _ _ _ _ _ _ _ _ _ _ _ _ _ _ _ _ _ _ _ _ _ _ _ _ _ _ _ \nTests/test_temprory_worker.py:53: in downloadAndVerifyCSVExportedFile\n    verifyFileDownloadedCorrectly(FilePath=fileName)\n_ _ _ _ _ _ _ _ _ _ _ _ _ _ _ _ _ _ _ _ _ _ _ _ _ _ _ _ _ _ _ _ _ _ _ _ _ _ _ _ \n\nFilePath = '/home/runner/work/Veritec_WebAutomationTesting/Veritec_WebAutomationTesting/Downloads/Veritec-temporary-workers@20-Apr-2023.csv'\n\n    def verifyFileDownloadedCorrectly(FilePath):\n>       assert os.path.exists(FilePath)\nE       AssertionError\n\nbase_helpers.py:240: AssertionError","steps":[{"name":"Given Go to the \"Base\" url","time":{"start":1681985967741,"stop":1681985968618,"duration":877},"status":"passed","steps":[],"attachments":[],"parameters":[],"stepsCount":0,"attachmentsCount":0,"shouldDisplayMessage":false,"hasContent":false},{"name":"Then Verify user is on Login screen","time":{"start":1681985968618,"stop":1681985968686,"duration":68},"status":"passed","steps":[],"attachments":[],"parameters":[],"stepsCount":0,"attachmentsCount":0,"shouldDisplayMessage":false,"hasContent":false},{"name":"When User fills \"Valid\" form data on \"login\" screen","time":{"start":1681985968686,"stop":1681985969166,"duration":480},"status":"passed","steps":[],"attachments":[],"parameters":[],"stepsCount":0,"attachmentsCount":0,"shouldDisplayMessage":false,"hasContent":false},{"name":"Then Verify user is on \"HomePage\" screen","time":{"start":1681985969166,"stop":1681985969735,"duration":569},"status":"passed","steps":[],"attachments":[],"parameters":[],"stepsCount":0,"attachmentsCount":0,"shouldDisplayMessage":false,"hasContent":false},{"name":"Then User clicks \"Temporary Worker\" button on \"Homepage\" screen","time":{"start":1681985969907,"stop":1681985970087,"duration":180},"status":"passed","steps":[],"attachments":[],"parameters":[],"stepsCount":0,"attachmentsCount":0,"shouldDisplayMessage":false,"hasContent":false},{"name":"And Check if CSV file downloaded correctly","time":{"start":1681985970124,"stop":1681985988966,"duration":18842},"status":"failed","statusMessage":"AssertionError\n","statusTrace":"  File \"/home/runner/work/Veritec_WebAutomationTesting/Veritec_WebAutomationTesting/Tests/test_temprory_worker.py\", line 53, in downloadAndVerifyCSVExportedFile\n    verifyFileDownloadedCorrectly(FilePath=fileName)\n  File \"/home/runner/work/Veritec_WebAutomationTesting/Veritec_WebAutomationTesting/base_helpers.py\", line 240, in verifyFileDownloadedCorrectly\n    assert os.path.exists(FilePath)\n","steps":[],"attachments":[],"parameters":[],"stepsCount":0,"attachmentsCount":0,"shouldDisplayMessage":true,"hasContent":true}],"attachments":[{"uid":"647ad3e92740a925","name":"screenshot","source":"647ad3e92740a925.png","type":"image/png","size":186631}],"parameters":[],"stepsCount":6,"attachmentsCount":1,"shouldDisplayMessage":true,"hasContent":true},"afterStages":[{"name":"driver::0","time":{"start":1681985989178,"stop":1681985989259,"duration":81},"status":"passed","steps":[],"attachments":[],"parameters":[],"stepsCount":0,"attachmentsCount":0,"shouldDisplayMessage":false,"hasContent":false}],"labels":[{"name":"story","value":"Verify If Exported CSV file has the exact data matches with table"},{"name":"feature","value":"Temporary Worker Feature"},{"name":"severity","value":"normal"},{"name":"tag","value":"order(5)"},{"name":"tag","value":"sanity"},{"name":"tag","value":"regression"},{"name":"parentSuite","value":"Tests"},{"name":"suite","value":"test_temprory_worker"},{"name":"host","value":"fv-az809-152"},{"name":"thread","value":"2291-MainThread"},{"name":"framework","value":"pytest"},{"name":"language","value":"cpython3"},{"name":"package","value":"Tests.test_temprory_worker"},{"name":"resultFormat","value":"allure2"}],"parameters":[],"links":[],"hidden":true,"retry":true,"extra":{"categories":[],"tags":["regression","sanity","order(5)"]},"source":"4641d2936ee773f2.json","parameterValues":[]}