{"uid":"72114e4a97df163c","name":"test_EditLastNameAndVerifyInTable","fullName":"Tests.test_users#test_EditLastNameAndVerifyInTable","historyId":"311d8e0c2f4ddeabb681ccbd6a8c6188","time":{"start":1681986291996,"stop":1681986306476,"duration":14480},"status":"failed","statusMessage":"AssertionError: assert 'CpGkZAvANCAMKuI1421' == 'HyderFhjIytX...vANCAMKuI1421'\n  - HyderFhjIytXaUtgGBIz1421ITsXeRHcAUcNPHg1421UKJHRHMZZQNxQhC1421CpGkZAvANCAMKuI1421\n  + CpGkZAvANCAMKuI1421","statusTrace":"driver = <selenium.webdriver.chrome.webdriver.WebDriver (session=\"09d6c456266f5ac492fc846563d8d3d9\")>\n\n    @allure.feature(\"Users Feature\")\n    @allure.story(\"Edit the LastName and Verify in Table\")\n    @allure.severity(allure.severity_level.MINOR)\n    @pytest.mark.regression\n    @pytest.mark.sanity\n    def test_EditLastNameAndVerifyInTable(driver):\n        VisitUsersPageWithLogin(driver)\n        FirstName = get_randomEmail().replace('@gmail.com', '')\n        with allure.step('And User Click on Edit Button'):\n            verify_loaderAndWait(TableLoader_xpath, driver)\n            find_byXpathAndWait(userEditBtn_xpath, driver).click()\n        with allure.step('Then Click On Save Changes button after changing LastName\"'):\n            driver.execute_script(\"arguments[0].value='';\", find_byXpath(lastNameInput, driver))\n            find_byXpath(lastNameInput, driver).send_keys(FirstName)\n            print(FirstName)\n            find_byXpathAndWait(saveChangesButton, driver).click()\n        with allure.step('And User Should see Success Message \"User Updated SuccessFully\"'):\n            verify_visibility_of_element_located(invalidUserMessage, driver)\n            sleep(3)\n        with allure.step('Then Verify LastName Updated in the Table'):\n            Name = find_Elements_byXpathAndWait_getText(firstRow, driver)\n            print(Name)\n>           assert FirstName == Name[2]\nE           AssertionError: assert 'CpGkZAvANCAMKuI1421' == 'HyderFhjIytX...vANCAMKuI1421'\nE             - HyderFhjIytXaUtgGBIz1421ITsXeRHcAUcNPHg1421UKJHRHMZZQNxQhC1421CpGkZAvANCAMKuI1421\nE             + CpGkZAvANCAMKuI1421\n\nTests/test_users.py:243: AssertionError","flaky":false,"newFailed":false,"newBroken":false,"newPassed":false,"retriesCount":2,"retriesStatusChange":false,"beforeStages":[{"name":"driver","time":{"start":1681986291102,"stop":1681986291995,"duration":893},"status":"passed","steps":[],"attachments":[],"parameters":[],"stepsCount":0,"attachmentsCount":0,"shouldDisplayMessage":false,"hasContent":false}],"testStage":{"status":"failed","statusMessage":"AssertionError: assert 'CpGkZAvANCAMKuI1421' == 'HyderFhjIytX...vANCAMKuI1421'\n  - HyderFhjIytXaUtgGBIz1421ITsXeRHcAUcNPHg1421UKJHRHMZZQNxQhC1421CpGkZAvANCAMKuI1421\n  + CpGkZAvANCAMKuI1421","statusTrace":"driver = <selenium.webdriver.chrome.webdriver.WebDriver (session=\"09d6c456266f5ac492fc846563d8d3d9\")>\n\n    @allure.feature(\"Users Feature\")\n    @allure.story(\"Edit the LastName and Verify in Table\")\n    @allure.severity(allure.severity_level.MINOR)\n    @pytest.mark.regression\n    @pytest.mark.sanity\n    def test_EditLastNameAndVerifyInTable(driver):\n        VisitUsersPageWithLogin(driver)\n        FirstName = get_randomEmail().replace('@gmail.com', '')\n        with allure.step('And User Click on Edit Button'):\n            verify_loaderAndWait(TableLoader_xpath, driver)\n            find_byXpathAndWait(userEditBtn_xpath, driver).click()\n        with allure.step('Then Click On Save Changes button after changing LastName\"'):\n            driver.execute_script(\"arguments[0].value='';\", find_byXpath(lastNameInput, driver))\n            find_byXpath(lastNameInput, driver).send_keys(FirstName)\n            print(FirstName)\n            find_byXpathAndWait(saveChangesButton, driver).click()\n        with allure.step('And User Should see Success Message \"User Updated SuccessFully\"'):\n            verify_visibility_of_element_located(invalidUserMessage, driver)\n            sleep(3)\n        with allure.step('Then Verify LastName Updated in the Table'):\n            Name = find_Elements_byXpathAndWait_getText(firstRow, driver)\n            print(Name)\n>           assert FirstName == Name[2]\nE           AssertionError: assert 'CpGkZAvANCAMKuI1421' == 'HyderFhjIytX...vANCAMKuI1421'\nE             - HyderFhjIytXaUtgGBIz1421ITsXeRHcAUcNPHg1421UKJHRHMZZQNxQhC1421CpGkZAvANCAMKuI1421\nE             + CpGkZAvANCAMKuI1421\n\nTests/test_users.py:243: AssertionError","steps":[{"name":"Given Go to the \"Base\" url","time":{"start":1681986291996,"stop":1681986292455,"duration":459},"status":"passed","steps":[],"attachments":[],"parameters":[],"stepsCount":0,"attachmentsCount":0,"shouldDisplayMessage":false,"hasContent":false},{"name":"Then Verify user is on Login screen","time":{"start":1681986292455,"stop":1681986292512,"duration":57},"status":"passed","steps":[],"attachments":[],"parameters":[],"stepsCount":0,"attachmentsCount":0,"shouldDisplayMessage":false,"hasContent":false},{"name":"When User fills \"Valid\" form data on \"login\" screen","time":{"start":1681986292512,"stop":1681986292983,"duration":471},"status":"passed","steps":[],"attachments":[],"parameters":[],"stepsCount":0,"attachmentsCount":0,"shouldDisplayMessage":false,"hasContent":false},{"name":"Then Verify user is on \"HomePage\" screen","time":{"start":1681986292983,"stop":1681986293419,"duration":436},"status":"passed","steps":[],"attachments":[],"parameters":[],"stepsCount":0,"attachmentsCount":0,"shouldDisplayMessage":false,"hasContent":false},{"name":"Then User clicks \"Users\" button on \"Homepage\" screen","time":{"start":1681986293419,"stop":1681986293536,"duration":117},"status":"passed","steps":[],"attachments":[],"parameters":[],"stepsCount":0,"attachmentsCount":0,"shouldDisplayMessage":false,"hasContent":false},{"name":"And User Should see \"active-user\" in the url","time":{"start":1681986293536,"stop":1681986293580,"duration":44},"status":"passed","steps":[],"attachments":[],"parameters":[],"stepsCount":0,"attachmentsCount":0,"shouldDisplayMessage":false,"hasContent":false},{"name":"And User Click on Edit Button","time":{"start":1681986293581,"stop":1681986301971,"duration":8390},"status":"passed","steps":[],"attachments":[],"parameters":[],"stepsCount":0,"attachmentsCount":0,"shouldDisplayMessage":false,"hasContent":false},{"name":"Then Click On Save Changes button after changing LastName\"","time":{"start":1681986301971,"stop":1681986302388,"duration":417},"status":"passed","steps":[],"attachments":[],"parameters":[],"stepsCount":0,"attachmentsCount":0,"shouldDisplayMessage":false,"hasContent":false},{"name":"And User Should see Success Message \"User Updated SuccessFully\"","time":{"start":1681986302388,"stop":1681986306346,"duration":3958},"status":"passed","steps":[],"attachments":[],"parameters":[],"stepsCount":0,"attachmentsCount":0,"shouldDisplayMessage":false,"hasContent":false},{"name":"Then Verify LastName Updated in the Table","time":{"start":1681986306346,"stop":1681986306476,"duration":130},"status":"failed","statusMessage":"AssertionError: assert 'CpGkZAvANCAMKuI1421' == 'HyderFhjIytX...vANCAMKuI1421'\n  - HyderFhjIytXaUtgGBIz1421ITsXeRHcAUcNPHg1421UKJHRHMZZQNxQhC1421CpGkZAvANCAMKuI1421\n  + CpGkZAvANCAMKuI1421\n","statusTrace":"  File \"/home/runner/work/Veritec_WebAutomationTesting/Veritec_WebAutomationTesting/Tests/test_users.py\", line 243, in test_EditLastNameAndVerifyInTable\n    assert FirstName == Name[2]\n","steps":[],"attachments":[],"parameters":[],"stepsCount":0,"attachmentsCount":0,"shouldDisplayMessage":true,"hasContent":true}],"attachments":[{"uid":"fd27a97f81d46daf","name":"screenshot","source":"fd27a97f81d46daf.png","type":"image/png","size":112021}],"parameters":[],"stepsCount":10,"attachmentsCount":1,"shouldDisplayMessage":true,"hasContent":true},"afterStages":[{"name":"driver::0","time":{"start":1681986306653,"stop":1681986306727,"duration":74},"status":"passed","steps":[],"attachments":[],"parameters":[],"stepsCount":0,"attachmentsCount":0,"shouldDisplayMessage":false,"hasContent":false}],"labels":[{"name":"severity","value":"minor"},{"name":"feature","value":"Users Feature"},{"name":"story","value":"Edit the LastName and Verify in Table"},{"name":"tag","value":"sanity"},{"name":"tag","value":"regression"},{"name":"parentSuite","value":"Tests"},{"name":"suite","value":"test_users"},{"name":"host","value":"fv-az809-152"},{"name":"thread","value":"2291-MainThread"},{"name":"framework","value":"pytest"},{"name":"language","value":"cpython3"},{"name":"package","value":"Tests.test_users"},{"name":"resultFormat","value":"allure2"}],"parameters":[],"links":[],"hidden":false,"retry":false,"extra":{"severity":"minor","retries":[{"uid":"abea825249a030c5","status":"failed","statusDetails":"AssertionError: assert 'UKJHRHMZZQNxQhC1421' == 'HyderFhjIytX...MZZQNxQhC1421'\n  - HyderFhjIytXaUtgGBIz1421ITsXeRHcAUcNPHg1421UKJHRHMZZQNxQhC1421\n  + UKJHRHMZZQNxQhC1421","time":{"start":1681986276514,"stop":1681986290790,"duration":14276}},{"uid":"421f3f530a85340e","status":"failed","statusDetails":"AssertionError: assert 'ITsXeRHcAUcNPHg1421' == 'HyderFhjIytX...HcAUcNPHg1421'\n  - HyderFhjIytXaUtgGBIz1421ITsXeRHcAUcNPHg1421\n  + ITsXeRHcAUcNPHg1421","time":{"start":1681986260898,"stop":1681986275321,"duration":14423}}],"categories":[{"name":"Product defects","matchedStatuses":[],"flaky":false}],"tags":["regression","sanity"]},"source":"72114e4a97df163c.json","parameterValues":[]}