{"uid":"8ff2582838854cf3","name":"test_EditFirstNameAndVerifyInTable","fullName":"Tests.test_users#test_EditFirstNameAndVerifyInTable","historyId":"6bb4d12c59fb2173c2ac319c67f3bf7e","time":{"start":1681986245441,"stop":1681986259747,"duration":14306},"status":"failed","statusMessage":"AssertionError: assert 'rNSpdiAQNhufUfQ1421' == 'ioptsHGlgOro...AQNhufUfQ1421'\n  - ioptsHGlgOroKsuffkeD1421SpWxQNNDowinIqa1421wXFSGjBIJnRUwEm1421SFNyKXBWUDFeGrA1421rNSpdiAQNhufUfQ1421\n  + rNSpdiAQNhufUfQ1421","statusTrace":"driver = <selenium.webdriver.chrome.webdriver.WebDriver (session=\"2e72529ca9b10f5e68dcdb372295827f\")>\n\n    @allure.feature(\"Users Feature\")\n    @allure.story(\"Edit the FirstName and Verify in Table\")\n    @allure.severity(allure.severity_level.MINOR)\n    @pytest.mark.regression\n    @pytest.mark.sanity\n    def test_EditFirstNameAndVerifyInTable(driver):\n        VisitUsersPageWithLogin(driver)\n        FirstName = get_randomEmail().replace('@gmail.com', '')\n        with allure.step('And User Click on Edit Button'):\n            verify_loaderAndWait(TableLoader_xpath, driver)\n            find_byXpathAndWait(userEditBtn_xpath, driver).click()\n        with allure.step('Then Click On Save Changes button after changing FirstName\"'):\n            driver.execute_script(\"arguments[0].value='';\", find_byXpath(firstNameInput, driver))\n            find_byXpath(firstNameInput, driver).send_keys(FirstName)\n            print(FirstName)\n            find_byXpathAndWait(saveChangesButton, driver).click()\n        with allure.step('And User Should see Success Message \"User Updated SuccessFully\"'):\n            verify_visibility_of_element_located(invalidUserMessage, driver)\n            sleep(3)\n        with allure.step('Then Verify FirstName Updated in the Table'):\n            Name = find_Elements_byXpathAndWait_getText(firstRow, driver)\n            print(Name)\n>           assert FirstName == Name[1]\nE           AssertionError: assert 'rNSpdiAQNhufUfQ1421' == 'ioptsHGlgOro...AQNhufUfQ1421'\nE             - ioptsHGlgOroKsuffkeD1421SpWxQNNDowinIqa1421wXFSGjBIJnRUwEm1421SFNyKXBWUDFeGrA1421rNSpdiAQNhufUfQ1421\nE             + rNSpdiAQNhufUfQ1421\n\nTests/test_users.py:218: AssertionError","flaky":false,"newFailed":false,"newBroken":false,"newPassed":false,"retriesCount":2,"retriesStatusChange":false,"beforeStages":[{"name":"driver","time":{"start":1681986244563,"stop":1681986245440,"duration":877},"status":"passed","steps":[],"attachments":[],"parameters":[],"stepsCount":0,"attachmentsCount":0,"shouldDisplayMessage":false,"hasContent":false}],"testStage":{"status":"failed","statusMessage":"AssertionError: assert 'rNSpdiAQNhufUfQ1421' == 'ioptsHGlgOro...AQNhufUfQ1421'\n  - ioptsHGlgOroKsuffkeD1421SpWxQNNDowinIqa1421wXFSGjBIJnRUwEm1421SFNyKXBWUDFeGrA1421rNSpdiAQNhufUfQ1421\n  + rNSpdiAQNhufUfQ1421","statusTrace":"driver = <selenium.webdriver.chrome.webdriver.WebDriver (session=\"2e72529ca9b10f5e68dcdb372295827f\")>\n\n    @allure.feature(\"Users Feature\")\n    @allure.story(\"Edit the FirstName and Verify in Table\")\n    @allure.severity(allure.severity_level.MINOR)\n    @pytest.mark.regression\n    @pytest.mark.sanity\n    def test_EditFirstNameAndVerifyInTable(driver):\n        VisitUsersPageWithLogin(driver)\n        FirstName = get_randomEmail().replace('@gmail.com', '')\n        with allure.step('And User Click on Edit Button'):\n            verify_loaderAndWait(TableLoader_xpath, driver)\n            find_byXpathAndWait(userEditBtn_xpath, driver).click()\n        with allure.step('Then Click On Save Changes button after changing FirstName\"'):\n            driver.execute_script(\"arguments[0].value='';\", find_byXpath(firstNameInput, driver))\n            find_byXpath(firstNameInput, driver).send_keys(FirstName)\n            print(FirstName)\n            find_byXpathAndWait(saveChangesButton, driver).click()\n        with allure.step('And User Should see Success Message \"User Updated SuccessFully\"'):\n            verify_visibility_of_element_located(invalidUserMessage, driver)\n            sleep(3)\n        with allure.step('Then Verify FirstName Updated in the Table'):\n            Name = find_Elements_byXpathAndWait_getText(firstRow, driver)\n            print(Name)\n>           assert FirstName == Name[1]\nE           AssertionError: assert 'rNSpdiAQNhufUfQ1421' == 'ioptsHGlgOro...AQNhufUfQ1421'\nE             - ioptsHGlgOroKsuffkeD1421SpWxQNNDowinIqa1421wXFSGjBIJnRUwEm1421SFNyKXBWUDFeGrA1421rNSpdiAQNhufUfQ1421\nE             + rNSpdiAQNhufUfQ1421\n\nTests/test_users.py:218: AssertionError","steps":[{"name":"Given Go to the \"Base\" url","time":{"start":1681986245441,"stop":1681986245917,"duration":476},"status":"passed","steps":[],"attachments":[],"parameters":[],"stepsCount":0,"attachmentsCount":0,"shouldDisplayMessage":false,"hasContent":false},{"name":"Then Verify user is on Login screen","time":{"start":1681986245917,"stop":1681986245966,"duration":49},"status":"passed","steps":[],"attachments":[],"parameters":[],"stepsCount":0,"attachmentsCount":0,"shouldDisplayMessage":false,"hasContent":false},{"name":"When User fills \"Valid\" form data on \"login\" screen","time":{"start":1681986245966,"stop":1681986246475,"duration":509},"status":"passed","steps":[],"attachments":[],"parameters":[],"stepsCount":0,"attachmentsCount":0,"shouldDisplayMessage":false,"hasContent":false},{"name":"Then Verify user is on \"HomePage\" screen","time":{"start":1681986246475,"stop":1681986246915,"duration":440},"status":"passed","steps":[],"attachments":[],"parameters":[],"stepsCount":0,"attachmentsCount":0,"shouldDisplayMessage":false,"hasContent":false},{"name":"Then User clicks \"Users\" button on \"Homepage\" screen","time":{"start":1681986246915,"stop":1681986247045,"duration":130},"status":"passed","steps":[],"attachments":[],"parameters":[],"stepsCount":0,"attachmentsCount":0,"shouldDisplayMessage":false,"hasContent":false},{"name":"And User Should see \"active-user\" in the url","time":{"start":1681986247045,"stop":1681986247089,"duration":44},"status":"passed","steps":[],"attachments":[],"parameters":[],"stepsCount":0,"attachmentsCount":0,"shouldDisplayMessage":false,"hasContent":false},{"name":"And User Click on Edit Button","time":{"start":1681986247089,"stop":1681986255564,"duration":8475},"status":"passed","steps":[],"attachments":[],"parameters":[],"stepsCount":0,"attachmentsCount":0,"shouldDisplayMessage":false,"hasContent":false},{"name":"Then Click On Save Changes button after changing FirstName\"","time":{"start":1681986255564,"stop":1681986255993,"duration":429},"status":"passed","steps":[],"attachments":[],"parameters":[],"stepsCount":0,"attachmentsCount":0,"shouldDisplayMessage":false,"hasContent":false},{"name":"And User Should see Success Message \"User Updated SuccessFully\"","time":{"start":1681986255993,"stop":1681986259618,"duration":3625},"status":"passed","steps":[],"attachments":[],"parameters":[],"stepsCount":0,"attachmentsCount":0,"shouldDisplayMessage":false,"hasContent":false},{"name":"Then Verify FirstName Updated in the Table","time":{"start":1681986259618,"stop":1681986259746,"duration":128},"status":"failed","statusMessage":"AssertionError: assert 'rNSpdiAQNhufUfQ1421' == 'ioptsHGlgOro...AQNhufUfQ1421'\n  - ioptsHGlgOroKsuffkeD1421SpWxQNNDowinIqa1421wXFSGjBIJnRUwEm1421SFNyKXBWUDFeGrA1421rNSpdiAQNhufUfQ1421\n  + rNSpdiAQNhufUfQ1421\n","statusTrace":"  File \"/home/runner/work/Veritec_WebAutomationTesting/Veritec_WebAutomationTesting/Tests/test_users.py\", line 218, in test_EditFirstNameAndVerifyInTable\n    assert FirstName == Name[1]\n","steps":[],"attachments":[],"parameters":[],"stepsCount":0,"attachmentsCount":0,"shouldDisplayMessage":true,"hasContent":true}],"attachments":[{"uid":"470e0a901e757998","name":"screenshot","source":"470e0a901e757998.png","type":"image/png","size":156848}],"parameters":[],"stepsCount":10,"attachmentsCount":1,"shouldDisplayMessage":true,"hasContent":true},"afterStages":[{"name":"driver::0","time":{"start":1681986259943,"stop":1681986260019,"duration":76},"status":"passed","steps":[],"attachments":[],"parameters":[],"stepsCount":0,"attachmentsCount":0,"shouldDisplayMessage":false,"hasContent":false}],"labels":[{"name":"severity","value":"minor"},{"name":"feature","value":"Users Feature"},{"name":"story","value":"Edit the FirstName and Verify in Table"},{"name":"tag","value":"sanity"},{"name":"tag","value":"regression"},{"name":"parentSuite","value":"Tests"},{"name":"suite","value":"test_users"},{"name":"host","value":"fv-az809-152"},{"name":"thread","value":"2291-MainThread"},{"name":"framework","value":"pytest"},{"name":"language","value":"cpython3"},{"name":"package","value":"Tests.test_users"},{"name":"resultFormat","value":"allure2"}],"parameters":[],"links":[],"hidden":false,"retry":false,"extra":{"severity":"minor","retries":[{"uid":"b005ba38a282f077","status":"failed","statusDetails":"AssertionError: assert 'SFNyKXBWUDFeGrA1421' == 'ioptsHGlgOro...BWUDFeGrA1421'\n  - ioptsHGlgOroKsuffkeD1421SpWxQNNDowinIqa1421wXFSGjBIJnRUwEm1421SFNyKXBWUDFeGrA1421\n  + SFNyKXBWUDFeGrA1421","time":{"start":1681986230007,"stop":1681986244244,"duration":14237}},{"uid":"a46cadcea5cf59cd","status":"failed","statusDetails":"AssertionError: assert 'wXFSGjBIJnRUwEm1421' == 'ioptsHGlgOro...BIJnRUwEm1421'\n  - ioptsHGlgOroKsuffkeD1421SpWxQNNDowinIqa1421wXFSGjBIJnRUwEm1421\n  + wXFSGjBIJnRUwEm1421","time":{"start":1681986214304,"stop":1681986228877,"duration":14573}}],"categories":[{"name":"Product defects","matchedStatuses":[],"flaky":false}],"tags":["regression","sanity"]},"source":"8ff2582838854cf3.json","parameterValues":[]}